Log file open, 03/29/19 19:03:34
LogWindows: Failed to load 'aqProf.dll' (GetLastError=126)
LogWindows: File 'aqProf.dll' does not exist
LogWindows: Failed to load 'VtuneApi.dll' (GetLastError=126)
LogWindows: File 'VtuneApi.dll' does not exist
LogWindows: Failed to load 'VtuneApi32e.dll' (GetLastError=126)
LogWindows: File 'VtuneApi32e.dll' does not exist
LogConsoleResponse: Display: Failed to find resolution value strings in scalability ini. Falling back to default.
LogInit: Display: Running engine for game: Ombres
LogPakFile: Registered encryption key '00000000000000000000000000000000': 0 pak files mounted, 0 remain pending
LogPlatformFile: Not using cached read wrapper
LogTaskGraph: Started task graph with 5 named threads and 35 total threads with 3 sets of task threads.
LogStats: Stats thread started at 0.401613
LogD3D11RHI: Loaded GFSDK_Aftermath_Lib.x64.dll
LogICUInternationalization: ICU TimeZone Detection - Raw Offset: +1:00, Platform Override: ''
LogPluginManager: Mounting plugin Paper2D
LogPluginManager: Mounting plugin AISupport
LogPluginManager: Mounting plugin LightPropagationVolume
LogPluginManager: Mounting plugin ActorLayerUtilities
LogPluginManager: Mounting plugin CLionSourceCodeAccess
LogPluginManager: Mounting plugin CodeLiteSourceCodeAccess
LogPluginManager: Mounting plugin GitSourceControl
LogPluginManager: Mounting plugin KDevelopSourceCodeAccess
LogPluginManager: Mounting plugin NullSourceCodeAccess
LogPluginManager: Mounting plugin PerforceSourceControl
LogPluginManager: Mounting plugin SubversionSourceControl
LogPluginManager: Mounting plugin UObjectPlugin
LogPluginManager: Mounting plugin VisualStudioCodeSourceCodeAccess
LogPluginManager: Mounting plugin VisualStudioSourceCodeAccess
LogPluginManager: Mounting plugin XCodeSourceCodeAccess
LogPluginManager: Mounting plugin AssetManagerEditor
LogPluginManager: Mounting plugin CryptoKeys
LogPluginManager: Mounting plugin DataValidation
LogPluginManager: Mounting plugin FacialAnimation
LogPluginManager: Mounting plugin GameplayTagsEditor
LogPluginManager: Mounting plugin MacGraphicsSwitching
LogPluginManager: Mounting plugin MeshEditor
LogPluginManager: Mounting plugin MobileLauncherProfileWizard
LogPluginManager: Mounting plugin PluginBrowser
LogPluginManager: Mounting plugin SpeedTreeImporter
LogPluginManager: Mounting plugin DatasmithContent
LogPluginManager: Mounting plugin VariantManagerContent
LogPluginManager: Mounting plugin AlembicImporter
LogPluginManager: Mounting plugin AppleImageUtils
LogPluginManager: Mounting plugin AppleVision
LogPluginManager: Mounting plugin BackChannel
LogPluginManager: Mounting plugin CharacterAI
LogPluginManager: Mounting plugin GeometryCache
LogPluginManager: Mounting plugin HTML5Networking
LogPluginManager: Mounting plugin ProxyLODPlugin
LogPluginManager: Mounting plugin MagicLeap
LogPluginManager: Mounting plugin MagicLeapMedia
LogPluginManager: Mounting plugin AndroidMedia
LogPluginManager: Mounting plugin AvfMedia
LogPluginManager: Mounting plugin ImgMedia
LogPluginManager: Mounting plugin LinearTimecode
LogPluginManager: Mounting plugin MediaCompositing
LogPluginManager: Mounting plugin MediaPlayerEditor
LogPluginManager: Mounting plugin WebMMedia
LogPluginManager: Mounting plugin WmfMedia
LogPluginManager: Mounting plugin TcpMessaging
LogPluginManager: Mounting plugin UdpMessaging
LogPluginManager: Mounting plugin ActorSequence
LogPluginManager: Mounting plugin LevelSequenceEditor
LogPluginManager: Mounting plugin MatineeToLevelSequence
LogPluginManager: Mounting plugin NetcodeUnitTest
LogPluginManager: Mounting plugin NUTUnrealEngine4
LogPluginManager: Mounting plugin OnlineSubsystemGooglePlay
LogPluginManager: Mounting plugin OnlineSubsystemIOS
LogPluginManager: Mounting plugin OnlineSubsystem
LogPluginManager: Mounting plugin OnlineSubsystemNull
LogPluginManager: Mounting plugin OnlineSubsystemUtils
LogPluginManager: Mounting plugin LauncherChunkInstaller
LogPluginManager: Mounting plugin AndroidDeviceProfileSelector
LogPluginManager: Mounting plugin AndroidMoviePlayer
LogPluginManager: Mounting plugin AndroidPermission
LogPluginManager: Mounting plugin AppleMoviePlayer
LogPluginManager: Mounting plugin ArchVisCharacter
LogPluginManager: Mounting plugin AudioCapture
LogPluginManager: Mounting plugin CableComponent
LogPluginManager: Mounting plugin CustomMeshComponent
LogPluginManager: Mounting plugin EditableMesh
LogPluginManager: Mounting plugin ExampleDeviceProfileSelector
LogPluginManager: Mounting plugin Firebase
LogPluginManager: Mounting plugin GoogleCloudMessaging
LogPluginManager: Mounting plugin IOSDeviceProfileSelector
LogPluginManager: Mounting plugin LinuxDeviceProfileSelector
LogPluginManager: Mounting plugin LocationServicesBPLibrary
LogPluginManager: Mounting plugin MobilePatchingUtils
LogPluginManager: Mounting plugin OculusVR
LogPluginManager: Mounting plugin PhysXVehicles
LogPluginManager: Mounting plugin ProceduralMeshComponent
LogPluginManager: Mounting plugin RuntimePhysXCooking
LogPluginManager: Mounting plugin SteamVR
LogPluginManager: Mounting plugin WebMMoviePlayer
LogPluginManager: Mounting plugin WindowsMoviePlayer
LogStreaming: Display: Took  0.141s to configure plugins.
LogInit: Warning: Incompatible or missing module: Ombres
Running D:/UE4/UnrealEngine/UE_4.21/Engine/Binaries/DotNET/UnrealBuildTool.exe Development Win64 -Project="C:/Users/t.candelier/Documents/Ombres/Ombres/Ombres.uproject" -TargetType=Editor -Progress -NoHotReloadFromIDE
Performing full C++ include scan (building a new target)
Using 'git status' to determine working set for adaptive non-unity build (C:\Users\t.candelier\Documents\Ombres\Ombres).
Creating makefile for OmbresEditor (no existing makefile)
Using Visual Studio 2017 14.16.27023 toolchain (C:\Program Files (x86)\Microsoft Visual Studio\2017\BuildTools\VC\Tools\MSVC\14.16.27023) and Windows 10.0.17763.0 SDK (C:\Program Files (x86)\Windows Kits\10).
@progress push 5%
@progress pop
Building 4 actions with 12 processes...
  @progress 'Compiling C++ source code...' 0%
  @progress 'Compiling C++ source code...' 25%
  [1/4] SharedPCH.Engine.cpp
  @progress 'Compiling C++ source code...' 50%
  [2/4] Ombres.cpp
  @progress 'Compiling C++ source code...' 75%
  [3/4] UE4Editor-Ombres.lib
     Creating library C:\Users\t.candelier\Documents\Ombres\Ombres\Intermediate\Build\Win64\UE4Editor\Development\Ombres\UE4Editor-Ombres.lib and object C:\Users\t.candelier\Documents\Ombres\Ombres\Intermediate\Build\Win64\UE4Editor\Development\Ombres\UE4Editor-Ombres.exp
  @progress 'Compiling C++ source code...' 100%
  [4/4] UE4Editor-Ombres.dll
     Creating library C:\Users\t.candelier\Documents\Ombres\Ombres\Intermediate\Build\Win64\UE4Editor\Development\Ombres\UE4Editor-Ombres.suppressed.lib and object C:\Users\t.candelier\Documents\Ombres\Ombres\Intermediate\Build\Win64\UE4Editor\Development\Ombres\UE4Editor-Ombres.suppressed.exp
Total build time: 72,24 seconds (Parallel executor: 31,38 seconds)
LogInit: Using libcurl 7.55.1-DEV
LogInit:  - built for x86_64-pc-win32
LogInit:  - supports SSL with OpenSSL/1.0.2h
LogInit:  - supports HTTP deflate (compression) using libz 1.2.8
LogInit:  - other features:
LogInit:      CURL_VERSION_SSL
LogInit:      CURL_VERSION_LIBZ
LogInit:      CURL_VERSION_IPV6
LogInit:      CURL_VERSION_ASYNCHDNS
LogInit:      CURL_VERSION_LARGEFILE
LogInit:      CURL_VERSION_IDN
LogInit:  CurlRequestOptions (configurable via config and command line):
LogInit:  - bVerifyPeer = true  - Libcurl will verify peer certificate
LogInit:  - bUseHttpProxy = false  - Libcurl will NOT use HTTP proxy
LogInit:  - bDontReuseConnections = false  - Libcurl will reuse connections
LogInit:  - MaxHostConnections = 16  - Libcurl will limit the number of connections to a host
LogInit:  - LocalHostAddr = Default
LogInit:  - BufferSize = 65536
LogInit: WinSock: version 1.1 (2.2), MaxSocks=32767, MaxUdp=65467
LogInit: Build: ++UE4+Release-4.21-CL-4753647
LogInit: Engine Version: 4.21.2-4753647+++UE4+Release-4.21
LogInit: Compatible Engine Version: 4.21.0-4541578+++UE4+Release-4.21
LogInit: Net CL: 4541578
LogInit: OS: Windows 10 (), CPU: Intel(R) Core(TM) i7-7800X CPU @ 3.50GHz, GPU: NVIDIA GeForce GTX 1080 Ti
LogInit: Compiled (64-bit): Jan 19 2019 02:07:31
LogInit: Compiled with Visual C++: 19.13.26129.00
LogInit: Build Configuration: Development
LogInit: Branch Name: ++UE4+Release-4.21
LogInit: Command Line: 
LogInit: Base Directory: D:/UE4/UnrealEngine/UE_4.21/Engine/Binaries/Win64/
LogInit: Installed Engine Build: 1
LogDevObjectVersion: Number of dev versions registered: 22
LogDevObjectVersion:   Dev-Blueprints (B0D832E4-1F89-4F0D-ACCF-7EB736FD4AA2): 10
LogDevObjectVersion:   Dev-Build (E1C64328-A22C-4D53-A36C-8E866417BD8C): 0
LogDevObjectVersion:   Dev-Core (375EC13C-06E4-48FB-B500-84F0262A717E): 2
LogDevObjectVersion:   Dev-Editor (E4B068ED-F494-42E9-A231-DA0B2E46BB41): 26
LogDevObjectVersion:   Dev-Framework (CFFC743F-43B0-4480-9391-14DF171D2073): 34
LogDevObjectVersion:   Dev-Mobile (B02B49B5-BB20-44E9-A304-32B752E40360): 2
LogDevObjectVersion:   Dev-Networking (A4E4105C-59A1-49B5-A7C5-40C4547EDFEE): 0
LogDevObjectVersion:   Dev-Online (39C831C9-5AE6-47DC-9A44-9C173E1C8E7C): 0
LogDevObjectVersion:   Dev-Physics (78F01B33-EBEA-4F98-B9B4-84EACCB95AA2): 0
LogDevObjectVersion:   Dev-Platform (6631380F-2D4D-43E0-8009-CF276956A95A): 0
LogDevObjectVersion:   Dev-Rendering (12F88B9F-8875-4AFC-A67C-D90C383ABD29): 27
LogDevObjectVersion:   Dev-Sequencer (7B5AE74C-D270-4C10-A958-57980B212A5A): 9
LogDevObjectVersion:   Dev-VR (D7296918-1DD6-4BDD-9DE2-64A83CC13884): 2
LogDevObjectVersion:   Dev-LoadTimes (C2A15278-BFE7-4AFE-6C17-90FF531DF755): 1
LogDevObjectVersion:   Private-Geometry (6EACA3D4-40EC-4CC1-B786-8BED09428FC5): 3
LogDevObjectVersion:   Dev-AnimPhys (29E575DD-E0A3-4627-9D10-D276232CDCEA): 17
LogDevObjectVersion:   Dev-Anim (AF43A65D-7FD3-4947-9873-3E8ED9C1BB05): 2
LogDevObjectVersion:   Dev-ReflectionCapture (6B266CEC-1EC7-4B8F-A30B-E4D90942FC07): 1
LogDevObjectVersion:   Dev-Automation (0DF73D61-A23F-47EA-B727-89E90C41499A): 1
LogDevObjectVersion:   FortniteMain (601D1886-AC64-4F84-AA16-D3DE0DEAC7D6): 17
LogDevObjectVersion:   Dev-Enterprise (9DFFBCD6-494F-0158-E221-12823C92A888): 4
LogDevObjectVersion:   Dev-Niagara (F2AED0AC-9AFE-416F-8664-AA7FFA26D6FC): 1
LogStreaming: Display: Took  0.004s to delete old logs.
LogInit: Presizing for max 8388607 objects, including 0 objects not considered by GC, pre-allocating 0 bytes for permanent pool.
LogInit: Object subsystem initialized
LogConfig: Setting CVar [[con.DebugEarlyDefault:1]]
LogConfig: Setting CVar [[r.setres:1280x720]]
[2019.03.29-18.04.50:379][  0]LogConfig: Setting CVar [[r.VSync:0]]
[2019.03.29-18.04.50:379][  0]LogConfig: Setting CVar [[r.RHICmdBypass:0]]
[2019.03.29-18.04.50:379][  0]LogConfig: Applying CVar settings from Section [/Script/Engine.RendererSettings] File [C:/Users/t.candelier/Documents/Ombres/Ombres/Saved/Config/Windows/Engine.ini]
[2019.03.29-18.04.50:379][  0]LogConfig: Setting CVar [[r.GPUCrashDebugging:0]]
[2019.03.29-18.04.50:379][  0]LogConfig: Applying CVar settings from Section [/Script/Engine.RendererOverrideSettings] File [C:/Users/t.candelier/Documents/Ombres/Ombres/Saved/Config/Windows/Engine.ini]
[2019.03.29-18.04.50:380][  0]LogConfig: Applying CVar settings from Section [/Script/Engine.StreamingSettings] File [C:/Users/t.candelier/Documents/Ombres/Ombres/Saved/Config/Windows/Engine.ini]
[2019.03.29-18.04.50:380][  0]LogConfig: Setting CVar [[s.MinBulkDataSizeForAsyncLoading:131072]]
[2019.03.29-18.04.50:380][  0]LogConfig: Setting CVar [[s.AsyncLoadingThreadEnabled:0]]
[2019.03.29-18.04.50:380][  0]LogConfig: Setting CVar [[s.EventDrivenLoaderEnabled:1]]
[2019.03.29-18.04.50:380][  0]LogConfig: Setting CVar [[s.WarnIfTimeLimitExceeded:0]]
[2019.03.29-18.04.50:380][  0]LogConfig: Setting CVar [[s.TimeLimitExceededMultiplier:1.5]]
[2019.03.29-18.04.50:380][  0]LogConfig: Setting CVar [[s.TimeLimitExceededMinTime:0.005]]
[2019.03.29-18.04.50:380][  0]LogConfig: Setting CVar [[s.UseBackgroundLevelStreaming:1]]
[2019.03.29-18.04.50:380][  0]LogConfig: Setting CVar [[s.PriorityAsyncLoadingExtraTime:15.0]]
[2019.03.29-18.04.50:380][  0]LogConfig: Setting CVar [[s.LevelStreamingActorsUpdateTimeLimit:5.0]]
[2019.03.29-18.04.50:380][  0]LogConfig: Setting CVar [[s.PriorityLevelStreamingActorsUpdateExtraTime:5.0]]
[2019.03.29-18.04.50:380][  0]LogConfig: Setting CVar [[s.LevelStreamingComponentsRegistrationGranularity:10]]
[2019.03.29-18.04.50:380][  0]LogConfig: Setting CVar [[s.UnregisterComponentsTimeLimit:1.0]]
[2019.03.29-18.04.50:380][  0]LogConfig: Setting CVar [[s.LevelStreamingComponentsUnregistrationGranularity:5]]
[2019.03.29-18.04.50:380][  0]LogConfig: Applying CVar settings from Section [/Script/Engine.GarbageCollectionSettings] File [C:/Users/t.candelier/Documents/Ombres/Ombres/Saved/Config/Windows/Engine.ini]
[2019.03.29-18.04.50:380][  0]LogConfig: Setting CVar [[gc.MaxObjectsNotConsideredByGC:1]]
[2019.03.29-18.04.50:380][  0]LogConfig: Setting CVar [[gc.SizeOfPermanentObjectPool:0]]
[2019.03.29-18.04.50:380][  0]LogConfig: Setting CVar [[gc.FlushStreamingOnGC:0]]
[2019.03.29-18.04.50:380][  0]LogConfig: Setting CVar [[gc.NumRetriesBeforeForcingGC:10]]
[2019.03.29-18.04.50:380][  0]LogConfig: Setting CVar [[gc.AllowParallelGC:1]]
[2019.03.29-18.04.50:380][  0]LogConfig: Setting CVar [[gc.TimeBetweenPurgingPendingKillObjects:61.1]]
[2019.03.29-18.04.50:380][  0]LogConfig: Setting CVar [[gc.MaxObjectsInEditor:8388607]]
[2019.03.29-18.04.50:380][  0]LogConfig: Setting CVar [[gc.IncrementalBeginDestroyEnabled:1]]
[2019.03.29-18.04.50:380][  0]LogConfig: Setting CVar [[gc.CreateGCClusters:1]]
[2019.03.29-18.04.50:380][  0]LogConfig: Setting CVar [[gc.MergeGCClusters:0]]
[2019.03.29-18.04.50:380][  0]LogConfig: Setting CVar [[gc.MinGCClusterSize:5]]
[2019.03.29-18.04.50:380][  0]LogConfig: Setting CVar [[gc.ActorClusteringEnabled:0]]
[2019.03.29-18.04.50:380][  0]LogConfig: Setting CVar [[gc.BlueprintClusteringEnabled:0]]
[2019.03.29-18.04.50:380][  0]LogConfig: Setting CVar [[gc.UseDisregardForGCOnDedicatedServers:0]]
[2019.03.29-18.04.50:381][  0]LogConfig: Applying CVar settings from Section [/Script/Engine.NetworkSettings] File [C:/Users/t.candelier/Documents/Ombres/Ombres/Saved/Config/Windows/Engine.ini]
[2019.03.29-18.04.50:381][  0]LogConfig: Applying CVar settings from Section [/Script/UnrealEd.CookerSettings] File [C:/Users/t.candelier/Documents/Ombres/Ombres/Saved/Config/Windows/Engine.ini]
[2019.03.29-18.04.50:396][  0]LogConfig: Applying CVar settings from Section [ViewDistanceQuality@3] File [C:/Users/t.candelier/Documents/Ombres/Ombres/Saved/Config/Windows/Scalability.ini]
[2019.03.29-18.04.50:396][  0]LogConfig: Setting CVar [[r.SkeletalMeshLODBias:0]]
[2019.03.29-18.04.50:396][  0]LogConfig: Setting CVar [[r.ViewDistanceScale:1.0]]
[2019.03.29-18.04.50:396][  0]LogConfig: Applying CVar settings from Section [AntiAliasingQuality@3] File [C:/Users/t.candelier/Documents/Ombres/Ombres/Saved/Config/Windows/Scalability.ini]
[2019.03.29-18.04.50:396][  0]LogConfig: Setting CVar [[r.PostProcessAAQuality:4]]
[2019.03.29-18.04.50:396][  0]LogConfig: Applying CVar settings from Section [ShadowQuality@3] File [C:/Users/t.candelier/Documents/Ombres/Ombres/Saved/Config/Windows/Scalability.ini]
[2019.03.29-18.04.50:396][  0]LogConfig: Setting CVar [[r.LightFunctionQuality:1]]
[2019.03.29-18.04.50:396][  0]LogConfig: Setting CVar [[r.ShadowQuality:5]]
[2019.03.29-18.04.50:396][  0]LogConfig: Setting CVar [[r.Shadow.CSM.MaxCascades:10]]
[2019.03.29-18.04.50:396][  0]LogConfig: Setting CVar [[r.Shadow.MaxResolution:2048]]
[2019.03.29-18.04.50:396][  0]LogConfig: Setting CVar [[r.Shadow.MaxCSMResolution:2048]]
[2019.03.29-18.04.50:396][  0]LogConfig: Setting CVar [[r.Shadow.RadiusThreshold:0.01]]
[2019.03.29-18.04.50:396][  0]LogConfig: Setting CVar [[r.Shadow.DistanceScale:1.0]]
[2019.03.29-18.04.50:397][  0]LogConfig: Setting CVar [[r.Shadow.CSM.TransitionScale:1.0]]
[2019.03.29-18.04.50:397][  0]LogConfig: Setting CVar [[r.Shadow.PreShadowResolutionFactor:1.0]]
[2019.03.29-18.04.50:397][  0]LogConfig: Setting CVar [[r.DistanceFieldShadowing:1]]
[2019.03.29-18.04.50:397][  0]LogConfig: Setting CVar [[r.DistanceFieldAO:1]]
[2019.03.29-18.04.50:397][  0]LogConfig: Setting CVar [[r.AOQuality:2]]
[2019.03.29-18.04.50:397][  0]LogConfig: Setting CVar [[r.VolumetricFog:1]]
[2019.03.29-18.04.50:397][  0]LogConfig: Setting CVar [[r.VolumetricFog.GridPixelSize:8]]
[2019.03.29-18.04.50:397][  0]LogConfig: Setting CVar [[r.VolumetricFog.GridSizeZ:128]]
[2019.03.29-18.04.50:397][  0]LogConfig: Setting CVar [[r.VolumetricFog.HistoryMissSupersampleCount:4]]
[2019.03.29-18.04.50:397][  0]LogConfig: Setting CVar [[r.LightMaxDrawDistanceScale:1]]
[2019.03.29-18.04.50:397][  0]LogConfig: Setting CVar [[r.CapsuleShadows:1]]
[2019.03.29-18.04.50:397][  0]LogConfig: Applying CVar settings from Section [PostProcessQuality@3] File [C:/Users/t.candelier/Documents/Ombres/Ombres/Saved/Config/Windows/Scalability.ini]
[2019.03.29-18.04.50:397][  0]LogConfig: Setting CVar [[r.MotionBlurQuality:4]]
[2019.03.29-18.04.50:397][  0]LogConfig: Setting CVar [[r.AmbientOcclusionMipLevelFactor:0.4]]
[2019.03.29-18.04.50:397][  0]LogConfig: Setting CVar [[r.AmbientOcclusionMaxQuality:100]]
[2019.03.29-18.04.50:397][  0]LogConfig: Setting CVar [[r.AmbientOcclusionLevels:-1]]
[2019.03.29-18.04.50:397][  0]LogConfig: Setting CVar [[r.AmbientOcclusionRadiusScale:1.0]]
[2019.03.29-18.04.50:397][  0]LogConfig: Setting CVar [[r.DepthOfFieldQuality:2]]
[2019.03.29-18.04.50:397][  0]LogConfig: Setting CVar [[r.RenderTargetPoolMin:400]]
[2019.03.29-18.04.50:397][  0]LogConfig: Setting CVar [[r.LensFlareQuality:2]]
[2019.03.29-18.04.50:397][  0]LogConfig: Setting CVar [[r.SceneColorFringeQuality:1]]
[2019.03.29-18.04.50:397][  0]LogConfig: Setting CVar [[r.EyeAdaptationQuality:2]]
[2019.03.29-18.04.50:397][  0]LogConfig: Setting CVar [[r.BloomQuality:5]]
[2019.03.29-18.04.50:397][  0]LogConfig: Setting CVar [[r.FastBlurThreshold:100]]
[2019.03.29-18.04.50:397][  0]LogConfig: Setting CVar [[r.Upscale.Quality:3]]
[2019.03.29-18.04.50:397][  0]LogConfig: Setting CVar [[r.Tonemapper.GrainQuantization:1]]
[2019.03.29-18.04.50:397][  0]LogConfig: Setting CVar [[r.LightShaftQuality:1]]
[2019.03.29-18.04.50:397][  0]LogConfig: Setting CVar [[r.Filter.SizeScale:1]]
[2019.03.29-18.04.50:397][  0]LogConfig: Setting CVar [[r.Tonemapper.Quality:5]]
[2019.03.29-18.04.50:397][  0]LogConfig: Setting CVar [[r.DOF.Gather.AccumulatorQuality:1        ; higher gathering accumulator quality]]
[2019.03.29-18.04.50:398][  0]LogConfig: Setting CVar [[r.DOF.Gather.PostfilterMethod:1          ; Median3x3 postfilering method]]
[2019.03.29-18.04.50:398][  0]LogConfig: Setting CVar [[r.DOF.Gather.EnableBokehSettings:0       ; no bokeh simulation when gathering]]
[2019.03.29-18.04.50:398][  0]LogConfig: Setting CVar [[r.DOF.Gather.RingCount:4                 ; medium number of samples when gathering]]
[2019.03.29-18.04.50:398][  0]LogConfig: Setting CVar [[r.DOF.Scatter.ForegroundCompositing:1    ; additive foreground scattering]]
[2019.03.29-18.04.50:398][  0]LogConfig: Setting CVar [[r.DOF.Scatter.BackgroundCompositing:2    ; additive background scattering]]
[2019.03.29-18.04.50:398][  0]LogConfig: Setting CVar [[r.DOF.Scatter.EnableBokehSettings:1      ; bokeh simulation when scattering]]
[2019.03.29-18.04.50:398][  0]LogConfig: Setting CVar [[r.DOF.Scatter.MaxSpriteRatio:0.1         ; only a maximum of 10% of scattered bokeh]]
[2019.03.29-18.04.50:398][  0]LogConfig: Setting CVar [[r.DOF.Recombine.Quality:1                ; cheap slight out of focus]]
[2019.03.29-18.04.50:398][  0]LogConfig: Setting CVar [[r.DOF.Recombine.EnableBokehSettings:0    ; no bokeh simulation on slight out of focus]]
[2019.03.29-18.04.50:398][  0]LogConfig: Setting CVar [[r.DOF.TemporalAAQuality:1                ; more stable temporal accumulation]]
[2019.03.29-18.04.50:398][  0]LogConfig: Setting CVar [[r.DOF.Kernel.MaxForegroundRadius:0.025]]
[2019.03.29-18.04.50:398][  0]LogConfig: Setting CVar [[r.DOF.Kernel.MaxBackgroundRadius:0.025]]
[2019.03.29-18.04.50:398][  0]LogConfig: Applying CVar settings from Section [TextureQuality@3] File [C:/Users/t.candelier/Documents/Ombres/Ombres/Saved/Config/Windows/Scalability.ini]
[2019.03.29-18.04.50:398][  0]LogConfig: Setting CVar [[r.Streaming.MipBias:0]]
[2019.03.29-18.04.50:398][  0]LogConfig: Setting CVar [[r.Streaming.AmortizeCPUToGPUCopy:0]]
[2019.03.29-18.04.50:398][  0]LogConfig: Setting CVar [[r.Streaming.MaxNumTexturesToStreamPerFrame:0]]
[2019.03.29-18.04.50:398][  0]LogConfig: Setting CVar [[r.Streaming.Boost:1]]
[2019.03.29-18.04.50:398][  0]LogConfig: Setting CVar [[r.MaxAnisotropy:8]]
[2019.03.29-18.04.50:398][  0]LogConfig: Setting CVar [[r.Streaming.LimitPoolSizeToVRAM:0]]
[2019.03.29-18.04.50:398][  0]LogConfig: Setting CVar [[r.Streaming.PoolSize:1000]]
[2019.03.29-18.04.50:398][  0]LogConfig: Setting CVar [[r.Streaming.MaxEffectiveScreenSize:0]]
[2019.03.29-18.04.50:398][  0]LogConfig: Applying CVar settings from Section [EffectsQuality@3] File [C:/Users/t.candelier/Documents/Ombres/Ombres/Saved/Config/Windows/Scalability.ini]
[2019.03.29-18.04.50:398][  0]LogConfig: Setting CVar [[r.TranslucencyLightingVolumeDim:64]]
[2019.03.29-18.04.50:398][  0]LogConfig: Setting CVar [[r.RefractionQuality:2]]
[2019.03.29-18.04.50:398][  0]LogConfig: Setting CVar [[r.SSR.Quality:3]]
[2019.03.29-18.04.50:398][  0]LogConfig: Setting CVar [[r.SceneColorFormat:4]]
[2019.03.29-18.04.50:398][  0]LogConfig: Setting CVar [[r.DetailMode:2]]
[2019.03.29-18.04.50:398][  0]LogConfig: Setting CVar [[r.TranslucencyVolumeBlur:1]]
[2019.03.29-18.04.50:398][  0]LogConfig: Setting CVar [[r.MaterialQualityLevel:1 ; High quality]]
[2019.03.29-18.04.50:398][  0]LogConfig: Setting CVar [[r.SSS.Scale:1]]
[2019.03.29-18.04.50:399][  0]LogConfig: Setting CVar [[r.SSS.SampleSet:2]]
[2019.03.29-18.04.50:399][  0]LogConfig: Setting CVar [[r.SSS.Quality:1]]
[2019.03.29-18.04.50:399][  0]LogConfig: Setting CVar [[r.SSS.HalfRes:1]]
[2019.03.29-18.04.50:399][  0]LogConfig: Setting CVar [[r.EmitterSpawnRateScale:1.0]]
[2019.03.29-18.04.50:399][  0]LogConfig: Setting CVar [[r.ParticleLightQuality:2]]
[2019.03.29-18.04.50:399][  0]LogConfig: Applying CVar settings from Section [FoliageQuality@3] File [C:/Users/t.candelier/Documents/Ombres/Ombres/Saved/Config/Windows/Scalability.ini]
[2019.03.29-18.04.50:399][  0]LogConfig: Setting CVar [[foliage.DensityScale:1.0]]
[2019.03.29-18.04.50:399][  0]LogConfig: Setting CVar [[grass.DensityScale:1.0]]
[2019.03.29-18.04.50:399][  0]LogInit: Selected Device Profile: [Windows]
[2019.03.29-18.04.50:399][  0]LogInit: Applying CVar settings loaded from the selected device profile: [Windows]
[2019.03.29-18.04.50:429][  0]LogHAL: Display: Platform has ~ 32 GB [34065858560 / 34359738368 / 32], which maps to Largest [LargestMinGB=32, LargerMinGB=12, DefaultMinGB=8, SmallerMinGB=6, SmallestMinGB=0)
[2019.03.29-18.04.50:429][  0]LogConfig: Setting CVar [[r.Vulkan.UseRealUBs:1]]
[2019.03.29-18.04.50:429][  0]LogInit: Going up to parent DeviceProfile []
[2019.03.29-18.04.50:429][  0]LogConfig: Applying CVar settings from Section [ViewDistanceQuality@3] File [C:/Users/t.candelier/Documents/Ombres/Ombres/Saved/Config/Windows/Scalability.ini]
[2019.03.29-18.04.50:429][  0]LogConfig: Setting CVar [[r.SkeletalMeshLODBias:0]]
[2019.03.29-18.04.50:429][  0]LogConfig: Setting CVar [[r.ViewDistanceScale:1.0]]
[2019.03.29-18.04.50:429][  0]LogConfig: Applying CVar settings from Section [AntiAliasingQuality@3] File [C:/Users/t.candelier/Documents/Ombres/Ombres/Saved/Config/Windows/Scalability.ini]
[2019.03.29-18.04.50:429][  0]LogConfig: Setting CVar [[r.PostProcessAAQuality:4]]
[2019.03.29-18.04.50:429][  0]LogConfig: Applying CVar settings from Section [ShadowQuality@3] File [C:/Users/t.candelier/Documents/Ombres/Ombres/Saved/Config/Windows/Scalability.ini]
[2019.03.29-18.04.50:429][  0]LogConfig: Setting CVar [[r.LightFunctionQuality:1]]
[2019.03.29-18.04.50:429][  0]LogConfig: Setting CVar [[r.ShadowQuality:5]]
[2019.03.29-18.04.50:429][  0]LogConfig: Setting CVar [[r.Shadow.CSM.MaxCascades:10]]
[2019.03.29-18.04.50:429][  0]LogConfig: Setting CVar [[r.Shadow.MaxResolution:2048]]
[2019.03.29-18.04.50:429][  0]LogConfig: Setting CVar [[r.Shadow.MaxCSMResolution:2048]]
[2019.03.29-18.04.50:429][  0]LogConfig: Setting CVar [[r.Shadow.RadiusThreshold:0.01]]
[2019.03.29-18.04.50:430][  0]LogConfig: Setting CVar [[r.Shadow.DistanceScale:1.0]]
[2019.03.29-18.04.50:430][  0]LogConfig: Setting CVar [[r.Shadow.CSM.TransitionScale:1.0]]
[2019.03.29-18.04.50:430][  0]LogConfig: Setting CVar [[r.Shadow.PreShadowResolutionFactor:1.0]]
[2019.03.29-18.04.50:430][  0]LogConfig: Setting CVar [[r.DistanceFieldShadowing:1]]
[2019.03.29-18.04.50:430][  0]LogConfig: Setting CVar [[r.DistanceFieldAO:1]]
[2019.03.29-18.04.50:430][  0]LogConfig: Setting CVar [[r.AOQuality:2]]
[2019.03.29-18.04.50:430][  0]LogConfig: Setting CVar [[r.VolumetricFog:1]]
[2019.03.29-18.04.50:430][  0]LogConfig: Setting CVar [[r.VolumetricFog.GridPixelSize:8]]
[2019.03.29-18.04.50:430][  0]LogConfig: Setting CVar [[r.VolumetricFog.GridSizeZ:128]]
[2019.03.29-18.04.50:430][  0]LogConfig: Setting CVar [[r.VolumetricFog.HistoryMissSupersampleCount:4]]
[2019.03.29-18.04.50:430][  0]LogConfig: Setting CVar [[r.LightMaxDrawDistanceScale:1]]
[2019.03.29-18.04.50:430][  0]LogConfig: Setting CVar [[r.CapsuleShadows:1]]
[2019.03.29-18.04.50:430][  0]LogConfig: Applying CVar settings from Section [PostProcessQuality@3] File [C:/Users/t.candelier/Documents/Ombres/Ombres/Saved/Config/Windows/Scalability.ini]
[2019.03.29-18.04.50:430][  0]LogConfig: Setting CVar [[r.MotionBlurQuality:4]]
[2019.03.29-18.04.50:430][  0]LogConfig: Setting CVar [[r.AmbientOcclusionMipLevelFactor:0.4]]
[2019.03.29-18.04.50:430][  0]LogConfig: Setting CVar [[r.AmbientOcclusionMaxQuality:100]]
[2019.03.29-18.04.50:430][  0]LogConfig: Setting CVar [[r.AmbientOcclusionLevels:-1]]
[2019.03.29-18.04.50:430][  0]LogConfig: Setting CVar [[r.AmbientOcclusionRadiusScale:1.0]]
[2019.03.29-18.04.50:430][  0]LogConfig: Setting CVar [[r.DepthOfFieldQuality:2]]
[2019.03.29-18.04.50:430][  0]LogConfig: Setting CVar [[r.RenderTargetPoolMin:400]]
[2019.03.29-18.04.50:430][  0]LogConfig: Setting CVar [[r.LensFlareQuality:2]]
[2019.03.29-18.04.50:430][  0]LogConfig: Setting CVar [[r.SceneColorFringeQuality:1]]
[2019.03.29-18.04.50:430][  0]LogConfig: Setting CVar [[r.EyeAdaptationQuality:2]]
[2019.03.29-18.04.50:430][  0]LogConfig: Setting CVar [[r.BloomQuality:5]]
[2019.03.29-18.04.50:430][  0]LogConfig: Setting CVar [[r.FastBlurThreshold:100]]
[2019.03.29-18.04.50:430][  0]LogConfig: Setting CVar [[r.Upscale.Quality:3]]
[2019.03.29-18.04.50:430][  0]LogConfig: Setting CVar [[r.Tonemapper.GrainQuantization:1]]
[2019.03.29-18.04.50:430][  0]LogConfig: Setting CVar [[r.LightShaftQuality:1]]
[2019.03.29-18.04.50:430][  0]LogConfig: Setting CVar [[r.Filter.SizeScale:1]]
[2019.03.29-18.04.50:430][  0]LogConfig: Setting CVar [[r.Tonemapper.Quality:5]]
[2019.03.29-18.04.50:430][  0]LogConfig: Setting CVar [[r.DOF.Gather.AccumulatorQuality:1        ; higher gathering accumulator quality]]
[2019.03.29-18.04.50:430][  0]LogConfig: Setting CVar [[r.DOF.Gather.PostfilterMethod:1          ; Median3x3 postfilering method]]
[2019.03.29-18.04.50:431][  0]LogConfig: Setting CVar [[r.DOF.Gather.EnableBokehSettings:0       ; no bokeh simulation when gathering]]
[2019.03.29-18.04.50:431][  0]LogConfig: Setting CVar [[r.DOF.Gather.RingCount:4                 ; medium number of samples when gathering]]
[2019.03.29-18.04.50:431][  0]LogConfig: Setting CVar [[r.DOF.Scatter.ForegroundCompositing:1    ; additive foreground scattering]]
[2019.03.29-18.04.50:431][  0]LogConfig: Setting CVar [[r.DOF.Scatter.BackgroundCompositing:2    ; additive background scattering]]
[2019.03.29-18.04.50:431][  0]LogConfig: Setting CVar [[r.DOF.Scatter.EnableBokehSettings:1      ; bokeh simulation when scattering]]
[2019.03.29-18.04.50:431][  0]LogConfig: Setting CVar [[r.DOF.Scatter.MaxSpriteRatio:0.1         ; only a maximum of 10% of scattered bokeh]]
[2019.03.29-18.04.50:431][  0]LogConfig: Setting CVar [[r.DOF.Recombine.Quality:1                ; cheap slight out of focus]]
[2019.03.29-18.04.50:431][  0]LogConfig: Setting CVar [[r.DOF.Recombine.EnableBokehSettings:0    ; no bokeh simulation on slight out of focus]]
[2019.03.29-18.04.50:431][  0]LogConfig: Setting CVar [[r.DOF.TemporalAAQuality:1                ; more stable temporal accumulation]]
[2019.03.29-18.04.50:431][  0]LogConfig: Setting CVar [[r.DOF.Kernel.MaxForegroundRadius:0.025]]
[2019.03.29-18.04.50:431][  0]LogConfig: Setting CVar [[r.DOF.Kernel.MaxBackgroundRadius:0.025]]
[2019.03.29-18.04.50:431][  0]LogConfig: Applying CVar settings from Section [TextureQuality@3] File [C:/Users/t.candelier/Documents/Ombres/Ombres/Saved/Config/Windows/Scalability.ini]
[2019.03.29-18.04.50:431][  0]LogConfig: Setting CVar [[r.Streaming.MipBias:0]]
[2019.03.29-18.04.50:431][  0]LogConfig: Setting CVar [[r.Streaming.AmortizeCPUToGPUCopy:0]]
[2019.03.29-18.04.50:431][  0]LogConfig: Setting CVar [[r.Streaming.MaxNumTexturesToStreamPerFrame:0]]
[2019.03.29-18.04.50:431][  0]LogConfig: Setting CVar [[r.Streaming.Boost:1]]
[2019.03.29-18.04.50:431][  0]LogConfig: Setting CVar [[r.MaxAnisotropy:8]]
[2019.03.29-18.04.50:431][  0]LogConfig: Setting CVar [[r.Streaming.LimitPoolSizeToVRAM:0]]
[2019.03.29-18.04.50:431][  0]LogConfig: Setting CVar [[r.Streaming.PoolSize:1000]]
[2019.03.29-18.04.50:431][  0]LogConfig: Setting CVar [[r.Streaming.MaxEffectiveScreenSize:0]]
[2019.03.29-18.04.50:431][  0]LogConfig: Applying CVar settings from Section [EffectsQuality@3] File [C:/Users/t.candelier/Documents/Ombres/Ombres/Saved/Config/Windows/Scalability.ini]
[2019.03.29-18.04.50:431][  0]LogConfig: Setting CVar [[r.TranslucencyLightingVolumeDim:64]]
[2019.03.29-18.04.50:431][  0]LogConfig: Setting CVar [[r.RefractionQuality:2]]
[2019.03.29-18.04.50:431][  0]LogConfig: Setting CVar [[r.SSR.Quality:3]]
[2019.03.29-18.04.50:431][  0]LogConfig: Setting CVar [[r.SceneColorFormat:4]]
[2019.03.29-18.04.50:431][  0]LogConfig: Setting CVar [[r.DetailMode:2]]
[2019.03.29-18.04.50:431][  0]LogConfig: Setting CVar [[r.TranslucencyVolumeBlur:1]]
[2019.03.29-18.04.50:431][  0]LogConfig: Setting CVar [[r.MaterialQualityLevel:1 ; High quality]]
[2019.03.29-18.04.50:431][  0]LogConfig: Setting CVar [[r.SSS.Scale:1]]
[2019.03.29-18.04.50:431][  0]LogConfig: Setting CVar [[r.SSS.SampleSet:2]]
[2019.03.29-18.04.50:432][  0]LogConfig: Setting CVar [[r.SSS.Quality:1]]
[2019.03.29-18.04.50:432][  0]LogConfig: Setting CVar [[r.SSS.HalfRes:1]]
[2019.03.29-18.04.50:432][  0]LogConfig: Setting CVar [[r.EmitterSpawnRateScale:1.0]]
[2019.03.29-18.04.50:432][  0]LogConfig: Setting CVar [[r.ParticleLightQuality:2]]
[2019.03.29-18.04.50:432][  0]LogConfig: Applying CVar settings from Section [FoliageQuality@3] File [C:/Users/t.candelier/Documents/Ombres/Ombres/Saved/Config/Windows/Scalability.ini]
[2019.03.29-18.04.50:432][  0]LogConfig: Setting CVar [[foliage.DensityScale:1.0]]
[2019.03.29-18.04.50:432][  0]LogConfig: Setting CVar [[grass.DensityScale:1.0]]
[2019.03.29-18.04.50:432][  0]LogConfig: Applying CVar settings from Section [Startup] File [../../../Engine/Config/ConsoleVariables.ini]
[2019.03.29-18.04.50:432][  0]LogConfig: Setting CVar [[net.UseAdaptiveNetUpdateFrequency:0]]
[2019.03.29-18.04.50:432][  0]LogConfig: Applying CVar settings from Section [ConsoleVariables] File [C:/Users/t.candelier/Documents/Ombres/Ombres/Saved/Config/Windows/Engine.ini]
[2019.03.29-18.04.50:433][  0]LogInit: Computer: J001-0643
[2019.03.29-18.04.50:433][  0]LogInit: User: tcandelier
[2019.03.29-18.04.50:433][  0]LogInit: CPU Page size=4096, Cores=6
[2019.03.29-18.04.50:433][  0]LogInit: High frequency timer resolution =3.421877 MHz
[2019.03.29-18.04.50:433][  0]LogMemory: Memory total: Physical=31.7GB (32GB approx)
[2019.03.29-18.04.50:433][  0]LogMemory: Platform Memory Stats for Windows
[2019.03.29-18.04.50:433][  0]LogMemory: Process Physical Memory: 109.36 MB used, 109.36 MB peak
[2019.03.29-18.04.50:433][  0]LogMemory: Process Virtual Memory: 97.21 MB used, 97.21 MB peak
[2019.03.29-18.04.50:433][  0]LogMemory: Physical Memory: 8730.67 MB used,  23757.06 MB free, 32487.73 MB total
[2019.03.29-18.04.50:433][  0]LogMemory: Virtual Memory: 4711.33 MB used,  134213016.00 MB free, 134217728.00 MB total
[2019.03.29-18.04.50:461][  0]LogInit: Using OS detected language (en-US).
[2019.03.29-18.04.50:461][  0]LogInit: Using OS detected locale (fr-FR).
[2019.03.29-18.04.50:462][  0]LogTextLocalizationManager: No specific localization for 'en-US' exists, so the 'en' localization will be used.
[2019.03.29-18.04.50:786][  0]LogStreaming: Display: Took  0.325s to InitEngineTextLocalization.
[2019.03.29-18.04.50:787][  0]LogInit: Setting process to per monitor DPI aware
[2019.03.29-18.04.50:848][  0]LogSlate: New Slate User Created.  User Index 0, Is Virtual User: 0
[2019.03.29-18.04.50:848][  0]LogSlate: Slate User Registered.  User Index 0, Is Virtual User: 0
[2019.03.29-18.04.50:983][  0]LogHMD: Failed to initialize OpenVR with code 110
[2019.03.29-18.04.50:983][  0]LogD3D11RHI: D3D11 adapters:
[2019.03.29-18.04.51:053][  0]LogD3D11RHI:    0. 'NVIDIA GeForce GTX 1080 Ti' (Feature Level 11_0)
[2019.03.29-18.04.51:053][  0]LogD3D11RHI:       11127/0/16243 MB DedicatedVideo/DedicatedSystem/SharedSystem, Outputs:2, VendorId:0x10de
[2019.03.29-18.04.51:055][  0]LogD3D11RHI:    1. 'Microsoft Basic Render Driver' (Feature Level 11_0)
[2019.03.29-18.04.51:055][  0]LogD3D11RHI:       0/0/16243 MB DedicatedVideo/DedicatedSystem/SharedSystem, Outputs:0, VendorId:0x1414
[2019.03.29-18.04.51:055][  0]LogD3D11RHI: Chosen D3D11 Adapter: 0
[2019.03.29-18.04.51:064][  0]LogD3D11RHI: Creating new Direct3DDevice
[2019.03.29-18.04.51:064][  0]LogD3D11RHI:     GPU DeviceId: 0x1b06 (for the marketing name, search the web for "GPU Device Id")
[2019.03.29-18.04.51:064][  0]LogWindows: EnumDisplayDevices:
[2019.03.29-18.04.51:064][  0]LogWindows:    0. 'NVIDIA GeForce GTX 1080 Ti' (P:0 D:1)
[2019.03.29-18.04.51:064][  0]LogWindows:    1. 'NVIDIA GeForce GTX 1080 Ti' (P:1 D:1)
[2019.03.29-18.04.51:064][  0]LogWindows:    2. 'NVIDIA GeForce GTX 1080 Ti' (P:0 D:0)
[2019.03.29-18.04.51:064][  0]LogWindows:    3. 'NVIDIA GeForce GTX 1080 Ti' (P:0 D:0)
[2019.03.29-18.04.51:065][  0]LogWindows: DebugString: FoundDriverCount:4 
[2019.03.29-18.04.51:065][  0]LogD3D11RHI:     Adapter Name: NVIDIA GeForce GTX 1080 Ti
[2019.03.29-18.04.51:065][  0]LogD3D11RHI:   Driver Version: 419.35 (internal:25.21.14.1935, unified:419.35)
[2019.03.29-18.04.51:065][  0]LogD3D11RHI:      Driver Date: 3-1-2019
[2019.03.29-18.04.51:065][  0]LogRHI: Texture pool is 7788 MB (70% of 11127 MB)
[2019.03.29-18.04.51:102][  0]LogD3D11RHI: Async texture creation enabled
[2019.03.29-18.04.51:124][  0]LogD3D11RHI: GPU Timing Frequency: 1000.000000 (Debug: 2 1)
[2019.03.29-18.04.51:602][  0]LogTemp: Display: Loaded TP AllDesktopTargetPlatform
[2019.03.29-18.04.51:611][  0]LogTemp: Display: Loaded TP MacClientTargetPlatform
[2019.03.29-18.04.51:629][  0]LogTemp: Display: Loaded TP MacNoEditorTargetPlatform
[2019.03.29-18.04.51:638][  0]LogTemp: Display: Loaded TP MacServerTargetPlatform
[2019.03.29-18.04.51:649][  0]LogTemp: Display: Loaded TP MacTargetPlatform
[2019.03.29-18.04.51:658][  0]LogTemp: Display: Loaded TP WindowsClientTargetPlatform
[2019.03.29-18.04.51:668][  0]LogTemp: Display: Loaded TP WindowsNoEditorTargetPlatform
[2019.03.29-18.04.51:678][  0]LogTemp: Display: Loaded TP WindowsServerTargetPlatform
[2019.03.29-18.04.51:682][  0]LogTemp: Display: Loaded TP WindowsTargetPlatform
[2019.03.29-18.04.51:740][  0]LogTemp: Display: Loaded TP AndroidTargetPlatform
[2019.03.29-18.04.51:740][  0]LogTemp: Display: Loaded TP AndroidTargetPlatform
[2019.03.29-18.04.51:740][  0]LogTemp: Display: Loaded TP AndroidTargetPlatform
[2019.03.29-18.04.51:740][  0]LogTemp: Display: Loaded TP AndroidTargetPlatform
[2019.03.29-18.04.51:740][  0]LogTemp: Display: Loaded TP AndroidTargetPlatform
[2019.03.29-18.04.51:740][  0]LogTemp: Display: Loaded TP AndroidTargetPlatform
[2019.03.29-18.04.51:740][  0]LogTemp: Display: Loaded TP AndroidTargetPlatform
[2019.03.29-18.04.51:740][  0]LogTemp: Display: Loaded TP AndroidTargetPlatform
[2019.03.29-18.04.51:740][  0]LogTemp: Display: Loaded TP AndroidTargetPlatform
[2019.03.29-18.04.51:740][  0]LogTemp: Display: Loaded TP AndroidTargetPlatform
[2019.03.29-18.04.51:740][  0]LogTemp: Display: Loaded TP AndroidTargetPlatform
[2019.03.29-18.04.51:740][  0]LogTemp: Display: Loaded TP AndroidTargetPlatform
[2019.03.29-18.04.51:740][  0]LogTemp: Display: Loaded TP AndroidTargetPlatform
[2019.03.29-18.04.51:740][  0]LogTemp: Display: Loaded TP AndroidTargetPlatform
[2019.03.29-18.04.51:740][  0]LogTemp: Display: Loaded TP AndroidTargetPlatform
[2019.03.29-18.04.51:740][  0]LogTemp: Display: Loaded TP AndroidTargetPlatform
[2019.03.29-18.04.51:740][  0]LogTemp: Display: Loaded TP AndroidTargetPlatform
[2019.03.29-18.04.51:740][  0]LogTemp: Display: Loaded TP AndroidTargetPlatform
[2019.03.29-18.04.51:741][  0]LogTemp: Display: Loaded TP HTML5TargetPlatform
[2019.03.29-18.04.51:795][  0]LogTemp: Display: Loaded TP IOSTargetPlatform
[2019.03.29-18.04.51:795][  0]LogTemp: Display: Loaded TP IOSTargetPlatform
[2019.03.29-18.04.51:836][  0]LogTemp: Display: Loaded TP TVOSTargetPlatform
[2019.03.29-18.04.51:836][  0]LogTemp: Display: Loaded TP TVOSTargetPlatform
[2019.03.29-18.04.51:846][  0]LogTemp: Display: Loaded TP LinuxClientTargetPlatform
[2019.03.29-18.04.51:856][  0]LogTemp: Display: Loaded TP LinuxNoEditorTargetPlatform
[2019.03.29-18.04.51:866][  0]LogTemp: Display: Loaded TP LinuxServerTargetPlatform
[2019.03.29-18.04.51:877][  0]LogTemp: Display: Loaded TP LinuxTargetPlatform
[2019.03.29-18.04.51:913][  0]LogTemp: Display: Loaded TP LuminTargetPlatform
[2019.03.29-18.04.51:913][  0]LogTemp: Display: Loaded TP LuminTargetPlatform
[2019.03.29-18.04.51:913][  0]LogTargetPlatformManager: Display: Building Assets For Windows
[2019.03.29-18.04.51:946][  0]LogShaderCompilers: Guid format shader working directory is 7 characters bigger than the processId version (C:/Users/t.candelier/Documents/Ombres/Ombres/Intermediate/Shaders/WorkingDirectory/14860/).
[2019.03.29-18.04.51:947][  0]LogShaderCompilers: Cleaned the shader compiler working directory 'C:/Users/t.candelier/AppData/Local/Temp/UnrealShaderWorkingDir/79FB385B490FAF4F581418B4642D94D7/'.
[2019.03.29-18.04.51:947][  0]LogXGEController: Cleaning working directory: C:/Users/t.candelier/AppData/Local/Temp/UnrealXGEWorkingDir/
[2019.03.29-18.04.51:948][  0]LogXGEController: Cannot use XGE Controller as Incredibuild is not installed on this machine.
[2019.03.29-18.04.51:948][  0]LogShaderCompilers: Cannot use XGE Shader Compiler as Incredibuild is not installed on this machine.
[2019.03.29-18.04.51:948][  0]LogShaderCompilers: Display: Using Local Shader Compiler.
[2019.03.29-18.04.52:415][  0]LogDerivedDataCache: Display: Max Cache Size: 512 MB
[2019.03.29-18.04.52:487][  0]LogDerivedDataCache: Loaded boot cache 0.07s 71MB C:/Users/t.candelier/AppData/Local/UnrealEngine/4.21/DerivedDataCache/Boot.ddc.
[2019.03.29-18.04.52:487][  0]LogDerivedDataCache: Display: Loaded Boot cache: C:/Users/t.candelier/AppData/Local/UnrealEngine/4.21/DerivedDataCache/Boot.ddc
[2019.03.29-18.04.52:487][  0]LogDerivedDataCache: FDerivedDataBackendGraph:  Pak pak cache file C:/Users/t.candelier/Documents/Ombres/Ombres/DerivedDataCache/DDC.ddp not found, will not use a pak cache.
[2019.03.29-18.04.52:487][  0]LogDerivedDataCache: Unable to find inner node Pak for hierarchical cache Hierarchy.
[2019.03.29-18.04.52:488][  0]LogDerivedDataCache: FDerivedDataBackendGraph:  CompressedPak pak cache file C:/Users/t.candelier/Documents/Ombres/Ombres/DerivedDataCache/Compressed.ddp not found, will not use a pak cache.
[2019.03.29-18.04.52:488][  0]LogDerivedDataCache: Unable to find inner node CompressedPak for hierarchical cache Hierarchy.
[2019.03.29-18.04.52:504][  0]LogDerivedDataCache: Display: Pak cache opened for reading ../../../Engine/DerivedDataCache/Compressed.ddp.
[2019.03.29-18.04.52:504][  0]LogDerivedDataCache: FDerivedDataBackendGraph:  EnterprisePak pak cache file ../../../Enterprise/DerivedDataCache/Compressed.ddp not found, will not use a pak cache.
[2019.03.29-18.04.52:504][  0]LogDerivedDataCache: Unable to find inner node EnterprisePak for hierarchical cache Hierarchy.
[2019.03.29-18.04.52:516][  0]LogDerivedDataCache: Using Local data cache path C:/Users/t.candelier/AppData/Local/UnrealEngine/Common/DerivedDataCache: Writable
[2019.03.29-18.04.52:516][  0]LogDerivedDataCache: Shared data cache path not found in *engine.ini, will not use an Shared cache.
[2019.03.29-18.04.52:516][  0]LogDerivedDataCache: Unable to find inner node Shared for hierarchical cache Hierarchy.
[2019.03.29-18.04.52:537][  0]LogMaterial: Verifying Global Shaders for PCD3D_SM5
[2019.03.29-18.04.52:539][  0]LogSlate: Using FreeType 2.6.0
[2019.03.29-18.04.52:539][  0]LogSlate: SlateFontServices - WITH_FREETYPE: 1, WITH_HARFBUZZ: 1
[2019.03.29-18.04.52:630][  0]LogAssetRegistry: FAssetRegistry took 0.0457 seconds to start up
[2019.03.29-18.04.52:955][  0]LogInit: Selected Device Profile: [Windows]
[2019.03.29-18.04.53:123][  0]LogSimplygon: Simplygon DLL not present - disabling.
[2019.03.29-18.04.53:125][  0]LogMeshReduction: Using SimplygonSwarm for distributed automatic mesh merging
[2019.03.29-18.04.53:125][  0]LogMeshReduction: Using ProxyLODMeshReduction for automatic mesh merging
[2019.03.29-18.04.53:125][  0]LogMeshReduction: Using QuadricMeshReduction for automatic static mesh reduction
[2019.03.29-18.04.53:125][  0]LogMeshReduction: No automatic skeletal mesh reduction module available
[2019.03.29-18.04.53:137][  0]LogNetVersion: Ombres 1.0.0, NetCL: 4541578, EngineNetVer: 5, GameNetVer: 0 (Checksum: 1677329461)
[2019.03.29-18.04.53:846][  0]LogPackageLocalizationCache: Processed 11 localized package path(s) for 2 prioritized culture(s) in 0.197810 seconds
[2019.03.29-18.04.53:854][  0]LogUObjectArray: 39776 objects as part of root set at end of initial load.
[2019.03.29-18.04.53:854][  0]LogUObjectAllocator: 6914880 out of 0 bytes used by permanent object pool.
[2019.03.29-18.04.53:854][  0]LogUObjectArray: CloseDisregardForGC: 0/0 objects in disregard for GC pool
[2019.03.29-18.04.54:593][  0]LogTcpMessaging: Initializing TcpMessaging bridge
[2019.03.29-18.04.54:607][  0]LogUdpMessaging: Initializing bridge on interface 0.0.0.0:0 to multicast group 230.0.0.1:6666.
[2019.03.29-18.04.55:248][  0]SourceControl: Source control is disabled
[2019.03.29-18.04.55:248][  0]SourceControl: Source control is disabled
[2019.03.29-18.04.55:249][  0]SourceControl: Source control is disabled
[2019.03.29-18.04.55:250][  0]SourceControl: Source control is disabled
[2019.03.29-18.04.55:415][  0]LogAndroidPermission: UAndroidPermissionCallbackProxy::GetInstance
[2019.03.29-18.04.55:498][  0]LogOcInput: OculusInput pre-init called
[2019.03.29-18.04.55:664][  0]LogEngine: Initializing Engine...
[2019.03.29-18.04.55:665][  0]LogHMD: Failed to initialize OpenVR with code 110
[2019.03.29-18.04.55:666][  0]LogStats: UGameplayTagsManager::ConstructGameplayTagTree: ImportINI prefixes -  0.000 s
[2019.03.29-18.04.55:666][  0]LogStats: UGameplayTagsManager::ConstructGameplayTagTree: Construct from data asset -  0.000 s
[2019.03.29-18.04.55:666][  0]LogStats: UGameplayTagsManager::ConstructGameplayTagTree: ImportINI -  0.000 s
[2019.03.29-18.04.55:666][  0]LogStats: UGameplayTagsManager::ConstructGameplayTagTree: GameplayTagTreeChangedEvent.Broadcast -  0.000 s
[2019.03.29-18.04.55:993][  0]LogInit: Initializing FReadOnlyCVARCache
[2019.03.29-18.04.56:004][  0]LogAIModule: Creating AISystem for world Untitled
[2019.03.29-18.04.56:027][  0]LogInit: XAudio2 using 'Speakers (Realtek High Definition Audio)' : 2 channels at 48 kHz using 32 bits per sample (channel mask 0x3)
[2019.03.29-18.04.56:067][  0]LogInit: FAudioDevice initialized.
[2019.03.29-18.04.56:067][  0]LogNetVersion: Set ProjectVersion to 1.0.0.0. Version Checksum will be recalculated on next use.
[2019.03.29-18.04.56:190][  0]LogDerivedDataCache: Saved boot cache 0.12s 71MB C:/Users/t.candelier/AppData/Local/UnrealEngine/4.21/DerivedDataCache/Boot.ddc.
[2019.03.29-18.04.56:212][  0]LogInit: Texture streaming: Enabled
[2019.03.29-18.04.56:227][  0]LogEngineSessionManager: EngineSessionManager initialized
[2019.03.29-18.04.56:257][  0]LogInit: Transaction tracking system initialized
[2019.03.29-18.04.56:272][  0]BlueprintLog: New page: Editor Load
[2019.03.29-18.04.56:331][  0]LocalizationService: Localization service is disabled
[2019.03.29-18.04.56:826][  0]LogCook: Display: Max memory allowance for cook 16384mb min free memory 0mb
[2019.03.29-18.04.56:826][  0]LogCook: Display: Mobile HDR setting 1
[2019.03.29-18.04.56:826][  0]LogGameplayTags: Display: UGameplayTagsManager::DoneAddingNativeTags. DelegateIsBound: 0
[2019.03.29-18.04.56:826][  0]LogStats: UGameplayTagsManager::ConstructGameplayTagTree: ImportINI prefixes -  0.000 s
[2019.03.29-18.04.56:826][  0]LogStats: UGameplayTagsManager::ConstructGameplayTagTree: Construct from data asset -  0.000 s
[2019.03.29-18.04.56:826][  0]LogStats: UGameplayTagsManager::ConstructGameplayTagTree: ImportINI -  0.000 s
[2019.03.29-18.04.56:826][  0]LogStats: UGameplayTagsManager::ConstructGameplayTagTree: GameplayTagTreeChangedEvent.Broadcast -  0.000 s
[2019.03.29-18.04.56:956][  0]LogFileCache: Scanning file cache for directory 'C:/Users/t.candelier/Documents/Ombres/Ombres/Content/' took 0.03s
[2019.03.29-18.04.56:956][  0]SourceControl: Source control is disabled
[2019.03.29-18.04.56:956][  0]Cmd: MAP LOAD FILE="C:/Users/t.candelier/Documents/Ombres/Ombres/Content/FirstPersonBP/Maps/FirstPersonExampleMap.umap" TEMPLATE=0 SHOWPROGRESS=1 FEATURELEVEL=3
[2019.03.29-18.04.56:956][  0]LightingResults: New page: Lighting Build
[2019.03.29-18.04.56:958][  0]MapCheck: New page: Map Check
[2019.03.29-18.04.56:958][  0]LightingResults: New page: Lighting Build
[2019.03.29-18.04.57:905][  0]LogAIModule: Creating AISystem for world FirstPersonExampleMap
[2019.03.29-18.04.57:916][  0]LogEditorServer: Finished looking for orphan Actors (0.000 secs)
[2019.03.29-18.04.57:954][  0]Cmd: MAP CHECKDEP NOCLEARLOG
[2019.03.29-18.04.57:955][  0]MapCheck: Map check complete: 0 Error(s), 0 Warning(s), took 0,177ms to complete.
[2019.03.29-18.04.57:955][  0]LogFileHelpers: Loading map 'FirstPersonExampleMap' took 0.999
[2019.03.29-18.04.58:068][  0]LogSlate: Updating window title bar state: overlay mode, drag disabled, window buttons hidden, title bar hidden
[2019.03.29-18.04.58:078][  0]LogSlate: Updating window title bar state: overlay mode, drag disabled, window buttons hidden, title bar hidden
[2019.03.29-18.04.58:086][  0]LogSlate: Updating window title bar state: overlay mode, drag disabled, window buttons hidden, title bar hidden
[2019.03.29-18.04.58:092][  0]LogSlate: Updating window title bar state: overlay mode, drag disabled, window buttons hidden, title bar hidden
[2019.03.29-18.04.58:096][  0]LogCollectionManager: Loaded 0 collections in 0.000795 seconds
[2019.03.29-18.04.58:111][  0]LogFileCache: Scanning file cache for directory 'C:/Users/t.candelier/Documents/Ombres/Ombres/Saved/Collections/' took 0.01s
[2019.03.29-18.04.58:111][  0]LogFileCache: Scanning file cache for directory 'C:/Users/t.candelier/Documents/Ombres/Ombres/Content/Developers/tcandelier/Collections/' took 0.00s
[2019.03.29-18.04.58:111][  0]LogFileCache: Scanning file cache for directory 'C:/Users/t.candelier/Documents/Ombres/Ombres/Content/Collections/' took 0.00s
[2019.03.29-18.04.58:111][  0]LogCollectionManager: Rebuilt the GUID cache for 0 collections in 0.000001 seconds
[2019.03.29-18.04.58:119][  0]LogContentBrowser: Native class hierarchy populated in 0.0081 seconds. Added 2651 classes and 620 folders.
[2019.03.29-18.04.58:124][  0]LogContentBrowser: Native class hierarchy updated for 'WidgetCarousel' in 0.0004 seconds. Added 0 classes and 0 folders.
[2019.03.29-18.04.58:125][  0]LogPakFile: Registered encryption key '00000000000000000000000000000000': 0 pak files mounted, 0 remain pending
[2019.03.29-18.04.58:126][  0]LogPakFile: Registered encryption key '00000000000000000000000000000000': 0 pak files mounted, 0 remain pending
[2019.03.29-18.04.58:126][  0]LogPakFile: Registered encryption key '00000000000000000000000000000000': 0 pak files mounted, 0 remain pending
[2019.03.29-18.04.58:127][  0]LogPakFile: Registered encryption key '00000000000000000000000000000000': 0 pak files mounted, 0 remain pending
[2019.03.29-18.04.58:127][  0]LogPakFile: Registered encryption key '00000000000000000000000000000000': 0 pak files mounted, 0 remain pending
[2019.03.29-18.04.58:127][  0]LogPakFile: Registered encryption key '00000000000000000000000000000000': 0 pak files mounted, 0 remain pending
[2019.03.29-18.04.58:128][  0]LogPakFile: Registered encryption key '00000000000000000000000000000000': 0 pak files mounted, 0 remain pending
[2019.03.29-18.04.58:128][  0]LogPakFile: Registered encryption key '00000000000000000000000000000000': 0 pak files mounted, 0 remain pending
[2019.03.29-18.04.58:128][  0]LogPakFile: Registered encryption key '00000000000000000000000000000000': 0 pak files mounted, 0 remain pending
[2019.03.29-18.04.58:129][  0]LogPakFile: Registered encryption key '00000000000000000000000000000000': 0 pak files mounted, 0 remain pending
[2019.03.29-18.04.58:129][  0]LogPakFile: Registered encryption key '00000000000000000000000000000000': 0 pak files mounted, 0 remain pending
[2019.03.29-18.04.58:129][  0]LogPakFile: Registered encryption key '00000000000000000000000000000000': 0 pak files mounted, 0 remain pending
[2019.03.29-18.04.58:129][  0]LogPakFile: Registered encryption key '00000000000000000000000000000000': 0 pak files mounted, 0 remain pending
[2019.03.29-18.04.58:130][  0]LogPakFile: Registered encryption key '00000000000000000000000000000000': 0 pak files mounted, 0 remain pending
[2019.03.29-18.04.58:130][  0]LogPakFile: Registered encryption key '00000000000000000000000000000000': 0 pak files mounted, 0 remain pending
[2019.03.29-18.04.58:130][  0]LogPakFile: Registered encryption key '00000000000000000000000000000000': 0 pak files mounted, 0 remain pending
[2019.03.29-18.04.58:131][  0]LogPakFile: Registered encryption key '00000000000000000000000000000000': 0 pak files mounted, 0 remain pending
[2019.03.29-18.04.58:131][  0]LogPakFile: Registered encryption key '00000000000000000000000000000000': 0 pak files mounted, 0 remain pending
[2019.03.29-18.04.58:131][  0]LogPakFile: Registered encryption key '00000000000000000000000000000000': 0 pak files mounted, 0 remain pending
[2019.03.29-18.04.58:132][  0]LogPakFile: Registered encryption key '00000000000000000000000000000000': 0 pak files mounted, 0 remain pending
[2019.03.29-18.04.58:132][  0]LogPakFile: Registered encryption key '00000000000000000000000000000000': 0 pak files mounted, 0 remain pending
[2019.03.29-18.04.58:132][  0]LogPakFile: Registered encryption key '00000000000000000000000000000000': 0 pak files mounted, 0 remain pending
[2019.03.29-18.04.58:133][  0]LogPakFile: Registered encryption key '00000000000000000000000000000000': 0 pak files mounted, 0 remain pending
[2019.03.29-18.04.58:133][  0]LogPakFile: Registered encryption key '00000000000000000000000000000000': 0 pak files mounted, 0 remain pending
[2019.03.29-18.04.58:133][  0]LogPakFile: Registered encryption key '00000000000000000000000000000000': 0 pak files mounted, 0 remain pending
[2019.03.29-18.04.58:134][  0]LogPakFile: Registered encryption key '00000000000000000000000000000000': 0 pak files mounted, 0 remain pending
[2019.03.29-18.04.58:153][  0]LogContentBrowser: Native class hierarchy updated for 'AddContentDialog' in 0.0004 seconds. Added 0 classes and 0 folders.
[2019.03.29-18.04.58:159][  0]LogContentBrowser: Native class hierarchy updated for 'SceneOutliner' in 0.0005 seconds. Added 1 classes and 2 folders.
[2019.03.29-18.04.58:244][  0]LogSlate: Took 0.000295 seconds to synchronously load lazily loaded font '../../../Engine/Content/Slate/Fonts/Roboto-Regular.ttf' (155K)
[2019.03.29-18.04.58:248][  0]LogSlate: Took 0.000291 seconds to synchronously load lazily loaded font '../../../Engine/Content/Slate/Fonts/Roboto-Bold.ttf' (160K)
[2019.03.29-18.04.58:260][  0]LogSlate: Took 0.000479 seconds to synchronously load lazily loaded font '../../../Engine/Content/Editor/Slate/Fonts/FontAwesome.ttf' (139K)
[2019.03.29-18.04.58:353][  0]LogRenderer: Reallocating scene render targets to support 1144x576 Format 10 NumSamples 1 (Frame:1).
[2019.03.29-18.04.58:517][  0]LogContentBrowser: Native class hierarchy updated for 'HierarchicalLODOutliner' in 0.0009 seconds. Added 0 classes and 0 folders.
[2019.03.29-18.04.58:517][  0]LogLoad: (Engine Initialization) Total time: 86.05 seconds
[2019.03.29-18.04.58:517][  0]LogLoad: (Engine Initialization) Total Blueprint compile time: 0.00 seconds
[2019.03.29-18.04.58:530][  0]LogWindowsTextInputMethodSystem: Display: IME system now deactivated.
[2019.03.29-18.04.58:598][  0]LogContentStreaming: Texture pool size now 1000 MB
[2019.03.29-18.04.58:608][  0]LogSlate: Took 0.000328 seconds to synchronously load lazily loaded font '../../../Engine/Content/Slate/Fonts/Roboto-Light.ttf' (167K)
[2019.03.29-18.04.58:874][  2]LogAssetRegistry: Asset discovery search completed in 6.2675 seconds
[2019.03.29-18.04.58:876][  2]LogCollectionManager: Rebuilt the object cache for 0 collections in 0.000001 seconds (found 0 objects)
[2019.03.29-18.04.58:876][  2]LogCollectionManager: Fixed up redirectors for 0 collections in 0.000077 seconds (updated 0 objects)
[2019.03.29-18.05.02:279][400]LogSlate: FSceneViewport::OnFocusLost() reason 0
[2019.03.29-18.05.06:538][904]LogTemp: Repeating last play command: Selected Viewport
[2019.03.29-18.05.06:556][904]LogBlueprintUserMessages: Early PlayInEditor Detection: Level '/Game/FirstPersonBP/Maps/FirstPersonExampleMap.FirstPersonExampleMap:PersistentLevel' has LevelScriptBlueprint '/Game/FirstPersonBP/Maps/FirstPersonExampleMap.FirstPersonExampleMap:PersistentLevel.FirstPersonExampleMap' with GeneratedClass '/Game/FirstPersonBP/Maps/FirstPersonExampleMap.FirstPersonExampleMap_C' with ClassGeneratedBy '/Game/FirstPersonBP/Maps/FirstPersonExampleMap.FirstPersonExampleMap:PersistentLevel.FirstPersonExampleMap'
[2019.03.29-18.05.06:556][904]LogPlayLevel: PlayLevel: No blueprints needed recompiling
[2019.03.29-18.05.06:556][904]PIE: New page: PIE session: FirstPersonExampleMap (29 mars 2019 20:05:06)
[2019.03.29-18.05.06:569][904]LogPlayLevel: Creating play world package: /Game/FirstPersonBP/Maps/UEDPIE_0_FirstPersonExampleMap
[2019.03.29-18.05.06:598][904]LogPlayLevel: PIE: StaticDuplicateObject took: (0.029271s)
[2019.03.29-18.05.06:599][904]LogAIModule: Creating AISystem for world FirstPersonExampleMap
[2019.03.29-18.05.06:599][904]LogPlayLevel: PIE: World Init took: (0.000657s)
[2019.03.29-18.05.06:599][904]LogPlayLevel: PIE: Created PIE world by copying editor world from /Game/FirstPersonBP/Maps/FirstPersonExampleMap.FirstPersonExampleMap to /Game/FirstPersonBP/Maps/UEDPIE_0_FirstPersonExampleMap.FirstPersonExampleMap (0.030309s)
[2019.03.29-18.05.06:644][904]LogInit: XAudio2 using 'Speakers (Realtek High Definition Audio)' : 2 channels at 48 kHz using 32 bits per sample (channel mask 0x3)
[2019.03.29-18.05.06:656][904]LogInit: FAudioDevice initialized.
[2019.03.29-18.05.06:706][904]LogLoad: Game class is 'BP_GameMode_C'
[2019.03.29-18.05.06:714][904]LogWorld: Bringing World /Game/FirstPersonBP/Maps/UEDPIE_0_FirstPersonExampleMap.FirstPersonExampleMap up for play (max tick rate 0) at 2019.03.29-19.05.06
[2019.03.29-18.05.06:716][904]LogWorld: Bringing up level for play took: 0.006932
[2019.03.29-18.05.06:737][904]LogContentBrowser: Native class hierarchy updated for 'MovieSceneCapture' in 0.0010 seconds. Added 20 classes and 0 folders.
[2019.03.29-18.05.06:743][904]PIE: Play in editor start time for /Game/FirstPersonBP/Maps/UEDPIE_0_FirstPersonExampleMap 0,262
[2019.03.29-18.05.06:743][904]LogBlueprintUserMessages: Late PlayInEditor Detection: Level '/Game/FirstPersonBP/Maps/FirstPersonExampleMap.FirstPersonExampleMap:PersistentLevel' has LevelScriptBlueprint '/Game/FirstPersonBP/Maps/FirstPersonExampleMap.FirstPersonExampleMap:PersistentLevel.FirstPersonExampleMap' with GeneratedClass '/Game/FirstPersonBP/Maps/FirstPersonExampleMap.FirstPersonExampleMap_C' with ClassGeneratedBy '/Game/FirstPersonBP/Maps/FirstPersonExampleMap.FirstPersonExampleMap:PersistentLevel.FirstPersonExampleMap'
[2019.03.29-18.05.06:794][905]LogBlueprintUserMessages: [BP_EnemyV2_2] BP_Character
[2019.03.29-18.05.07:300][962]LogBlueprintUserMessages: [BP_EnemyV2_2] BP_Character
[2019.03.29-18.05.07:491][985]LogBlueprintUserMessages: [BP_Character_C_0] SpawnPlatform selected
[2019.03.29-18.05.07:806][ 22]LogBlueprintUserMessages: [BP_EnemyV2_2] BP_Character
[2019.03.29-18.05.08:308][ 81]LogBlueprintUserMessages: [BP_EnemyV2_2] BP_Character
[2019.03.29-18.05.08:646][119]LogBlueprintUserMessages: [BP_Character_C_0] Recall selected
[2019.03.29-18.05.08:816][139]LogBlueprintUserMessages: [BP_EnemyV2_2] BP_Character
[2019.03.29-18.05.09:316][198]LogBlueprintUserMessages: [BP_EnemyV2_2] BP_Character
[2019.03.29-18.05.09:545][225]Cmd: EnableGDT
[2019.03.29-18.05.09:546][225]LogBlueprintUserMessages: [BP_Character_C_0] SwapPositions selected
[2019.03.29-18.05.10:146][294]LogCharacterMovement: BP_EnemyV2_2 is stuck and failed to move! Velocity: X=131.31 Y=-150.86 Z=0.00 Location: X=-115.84 Y=280.14 Z=259.26 Normal: X=0.00 Y=0.00 Z=-1.00 PenetrationDepth:32.032 Actor:BP_Platform_C_1 Component:Cylinder BoneName:None (0 other events since notify)
[2019.03.29-18.05.10:683][357]LogCharacterMovement: BP_Character_C_0 is stuck and failed to move! Velocity: X=4.94 Y=-16.34 Z=0.00 Location: X=-117.88 Y=277.38 Z=259.26 Normal: X=0.00 Y=0.00 Z=-1.00 PenetrationDepth:32.032 Actor:BP_Platform_C_1 Component:Cylinder BoneName:None (0 other events since notify)
[2019.03.29-18.05.10:826][374]LogBlueprintUserMessages: [BP_EnemyV2_2] BP_Character
[2019.03.29-18.05.11:264][426]LogBlueprintUserMessages: [BP_Character_C_0] Recall selected
[2019.03.29-18.05.11:332][434]LogBlueprintUserMessages: [BP_EnemyV2_2] BP_Character
[2019.03.29-18.05.13:306][666]LogBlueprintUserMessages: [BP_Character_C_0] None selected
[2019.03.29-18.05.13:574][698]LogBlueprintUserMessages: Early EndPlayMap Detection: Level '/Game/FirstPersonBP/Maps/FirstPersonExampleMap.FirstPersonExampleMap:PersistentLevel' has LevelScriptBlueprint '/Game/FirstPersonBP/Maps/FirstPersonExampleMap.FirstPersonExampleMap:PersistentLevel.FirstPersonExampleMap' with GeneratedClass '/Game/FirstPersonBP/Maps/FirstPersonExampleMap.FirstPersonExampleMap_C' with ClassGeneratedBy '/Game/FirstPersonBP/Maps/FirstPersonExampleMap.FirstPersonExampleMap:PersistentLevel.FirstPersonExampleMap'
[2019.03.29-18.05.13:575][698]LogSlate: Updating window title bar state: overlay mode, drag disabled, window buttons hidden, title bar hidden
[2019.03.29-18.05.13:614][698]LogPlayLevel: Display: Shutting down PIE online subsystems
[2019.03.29-18.05.13:614][698]LogBlueprintUserMessages: Late EndPlayMap Detection: Level '/Game/FirstPersonBP/Maps/FirstPersonExampleMap.FirstPersonExampleMap:PersistentLevel' has LevelScriptBlueprint '/Game/FirstPersonBP/Maps/FirstPersonExampleMap.FirstPersonExampleMap:PersistentLevel.FirstPersonExampleMap' with GeneratedClass '/Game/FirstPersonBP/Maps/FirstPersonExampleMap.FirstPersonExampleMap_C' with ClassGeneratedBy '/Game/FirstPersonBP/Maps/FirstPersonExampleMap.FirstPersonExampleMap:PersistentLevel.FirstPersonExampleMap'
[2019.03.29-18.05.13:648][698]LogSlate: Updating window title bar state: overlay mode, drag disabled, window buttons hidden, title bar hidden
[2019.03.29-18.05.13:679][700]LogPlayLevel: Display: Destroying online subsystem :Context_1
[2019.03.29-18.05.17:223][120]LogSlate: Took 0.000166 seconds to synchronously load lazily loaded font '../../../Engine/Content/Slate/Fonts/Roboto-Light.ttf' (167K)
[2019.03.29-18.05.17:225][120]LogSlate: FSceneViewport::OnFocusLost() reason 2
[2019.03.29-18.05.17:554][120]LogSavePackage: Moving 'C:/Users/t.candelier/Documents/Ombres/Ombres/Saved/FirstPersonExampleMap1DC428B3489C1B2FD3C24F8F900ABE31.tmp' to 'C:/Users/t.candelier/Documents/Ombres/Ombres/Content/FirstPersonBP/Maps/FirstPersonExampleMap.umap'
[2019.03.29-18.05.18:631][120]LogSavePackage: Moving 'C:/Users/t.candelier/Documents/Ombres/Ombres/Saved/FirstPersonExampleMap_BuiltData968D61224610DC1D747A77A3BDE49DE7.tmp' to 'C:/Users/t.candelier/Documents/Ombres/Ombres/Content/FirstPersonBP/Maps/FirstPersonExampleMap_BuiltData.uasset'
[2019.03.29-18.05.19:636][224]LogSlate: Window 'Ombres - Unreal Editor' being destroyed
[2019.03.29-18.05.19:637][224]LogWindowsTextInputMethodSystem: Display: IME system now deactivated.
[2019.03.29-18.05.19:847][225]Cmd: QUIT_EDITOR
[2019.03.29-18.05.20:094][225]LogExit: Preparing to exit.
[2019.03.29-18.05.20:760][225]LogExit: Editor shut down
[2019.03.29-18.05.20:761][225]LogExit: Transaction tracking system shut down
[2019.03.29-18.05.21:157][225]LogExit: Object subsystem successfully closed.
[2019.03.29-18.05.21:186][225]LogShaderCompilers: Display: Shaders left to compile 0
[2019.03.29-18.05.21:196][225]LogD3D11RHI: Shutdown
[2019.03.29-18.05.21:196][225]LogD3D11RHI: CleanupD3DDevice
[2019.03.29-18.05.21:199][225]LogD3D11RHI: ~FD3D11DynamicRHI
[2019.03.29-18.05.21:224][225]LogModuleManager: Shutting down and abandoning module MovieSceneCapture (628)
[2019.03.29-18.05.21:224][225]LogModuleManager: Shutting down and abandoning module Voice (626)
[2019.03.29-18.05.21:224][225]LogModuleManager: Shutting down and abandoning module HierarchicalLODOutliner (624)
[2019.03.29-18.05.21:224][225]LogModuleManager: Shutting down and abandoning module SceneOutliner (622)
[2019.03.29-18.05.21:225][225]LogModuleManager: Shutting down and abandoning module AddContentDialog (620)
[2019.03.29-18.05.21:225][225]LogModuleManager: Shutting down and abandoning module WidgetCarousel (619)
[2019.03.29-18.05.21:225][225]LogModuleManager: Shutting down and abandoning module EditorWidgets (616)
[2019.03.29-18.05.21:225][225]LogModuleManager: Shutting down and abandoning module CollectionManager (614)
[2019.03.29-18.05.21:226][225]LogModuleManager: Shutting down and abandoning module StatsViewer (612)
[2019.03.29-18.05.21:226][225]LogModuleManager: Shutting down and abandoning module FoliageEdit (610)
[2019.03.29-18.05.21:226][225]LogModuleManager: Shutting down and abandoning module LandscapeEditor (608)
[2019.03.29-18.05.21:226][225]LogModuleManager: Shutting down and abandoning module MeshPaintMode (606)
[2019.03.29-18.05.21:226][225]LogModuleManager: Shutting down and abandoning module SceneDepthPickerMode (604)
[2019.03.29-18.05.21:226][225]LogModuleManager: Shutting down and abandoning module ActorPickerMode (602)
[2019.03.29-18.05.21:226][225]LogModuleManager: Shutting down and abandoning module GeometryMode (600)
[2019.03.29-18.05.21:226][225]LogModuleManager: Shutting down and abandoning module TextureAlignMode (598)
[2019.03.29-18.05.21:226][225]LogModuleManager: Shutting down and abandoning module BspMode (596)
[2019.03.29-18.05.21:226][225]LogModuleManager: Shutting down and abandoning module PIEPreviewDeviceProfileSelector (594)
[2019.03.29-18.05.21:226][225]LogModuleManager: Shutting down and abandoning module SequenceRecorderSections (592)
[2019.03.29-18.05.21:226][225]LogModuleManager: Shutting down and abandoning module AutomationWorker (590)
[2019.03.29-18.05.21:226][225]LogModuleManager: Shutting down and abandoning module AudioCaptureEditor (588)
[2019.03.29-18.05.21:226][225]LogModuleManager: Shutting down and abandoning module MatineeToLevelSequence (586)
[2019.03.29-18.05.21:226][225]LogModuleManager: Shutting down and abandoning module LevelSequenceEditor (584)
[2019.03.29-18.05.21:226][225]LogModuleManager: Shutting down and abandoning module PlacementMode (583)
[2019.03.29-18.05.21:226][225]LogModuleManager: Shutting down and abandoning module MaterialEditor (582)
[2019.03.29-18.05.21:226][225]LogModuleManager: Shutting down and abandoning module WmfMediaFactory (578)
[2019.03.29-18.05.21:226][225]LogModuleManager: Shutting down and abandoning module WmfMediaEditor (576)
[2019.03.29-18.05.21:226][225]LogModuleManager: Shutting down and abandoning module WebMMediaFactory (574)
[2019.03.29-18.05.21:226][225]LogModuleManager: Shutting down and abandoning module WebMMediaEditor (572)
[2019.03.29-18.05.21:227][225]LogModuleManager: Shutting down and abandoning module WebMMedia (570)
[2019.03.29-18.05.21:227][225]LogModuleManager: Shutting down and abandoning module MediaPlayerEditor (568)
[2019.03.29-18.05.21:227][225]LogModuleManager: Shutting down and abandoning module MediaCompositingEditor (566)
[2019.03.29-18.05.21:227][225]LogModuleManager: Shutting down and abandoning module SequenceRecorder (565)
[2019.03.29-18.05.21:227][225]LogModuleManager: Shutting down and abandoning module OpenExrWrapper (562)
[2019.03.29-18.05.21:227][225]LogModuleManager: Shutting down and abandoning module ImgMediaFactory (560)
[2019.03.29-18.05.21:227][225]LogModuleManager: Shutting down and abandoning module ImgMediaEditor (558)
[2019.03.29-18.05.21:227][225]LogModuleManager: Shutting down and abandoning module AvfMediaFactory (556)
[2019.03.29-18.05.21:227][225]LogModuleManager: Shutting down and abandoning module AvfMediaEditor (554)
[2019.03.29-18.05.21:227][225]LogModuleManager: Shutting down and abandoning module AndroidMediaFactory (552)
[2019.03.29-18.05.21:227][225]LogModuleManager: Shutting down and abandoning module AndroidMediaEditor (550)
[2019.03.29-18.05.21:227][225]LogModuleManager: Shutting down and abandoning module MagicLeapCameraPreviewFactory (548)
[2019.03.29-18.05.21:227][225]LogModuleManager: Shutting down and abandoning module MagicLeapMediaFactory (546)
[2019.03.29-18.05.21:227][225]LogModuleManager: Shutting down and abandoning module MagicLeapMediaEditor (544)
[2019.03.29-18.05.21:227][225]LogModuleManager: Shutting down and abandoning module CharacterAI (542)
[2019.03.29-18.05.21:227][225]LogModuleManager: Shutting down and abandoning module SmartSnapping (540)
[2019.03.29-18.05.21:227][225]LogModuleManager: Shutting down and abandoning module SessionServices (538)
[2019.03.29-18.05.21:227][225]LogModuleManager: Shutting down and abandoning module ViewportSnapping (536)
[2019.03.29-18.05.21:227][225]LogModuleManager: Shutting down and abandoning module ViewportInteraction (534)
[2019.03.29-18.05.21:227][225]LogModuleManager: Shutting down and abandoning module ClothPainter (532)
[2019.03.29-18.05.21:227][225]LogModuleManager: Shutting down and abandoning module SkeletalMeshEditor (531)
[2019.03.29-18.05.21:227][225]LogModuleManager: Shutting down and abandoning module LogVisualizer (528)
[2019.03.29-18.05.21:227][225]LogModuleManager: Shutting down and abandoning module IntroTutorials (526)
[2019.03.29-18.05.21:228][225]LogModuleManager: Shutting down and abandoning module GameProjectGeneration (525)
[2019.03.29-18.05.21:228][225]LogModuleManager: Shutting down and abandoning module LuminPlatformEditor (522)
[2019.03.29-18.05.21:228][225]LogModuleManager: Shutting down and abandoning module IOSPlatformEditor (520)
[2019.03.29-18.05.21:228][225]LogModuleManager: Shutting down and abandoning module HTML5PlatformEditor (518)
[2019.03.29-18.05.21:228][225]LogModuleManager: Shutting down and abandoning module AndroidPlatformEditor (516)
[2019.03.29-18.05.21:228][225]LogModuleManager: Shutting down and abandoning module AndroidDeviceDetection (515)
[2019.03.29-18.05.22:585][225]LogModuleManager: Shutting down and abandoning module WindowsPlatformEditor (512)
[2019.03.29-18.05.22:585][225]LogModuleManager: Shutting down and abandoning module LuminRuntimeSettings (510)
[2019.03.29-18.05.22:585][225]LogModuleManager: Shutting down and abandoning module IOSRuntimeSettings (508)
[2019.03.29-18.05.22:585][225]LogModuleManager: Shutting down and abandoning module AndroidRuntimeSettings (506)
[2019.03.29-18.05.22:585][225]LogModuleManager: Shutting down and abandoning module TimeManagementEditor (504)
[2019.03.29-18.05.22:585][225]LogModuleManager: Shutting down and abandoning module InputBindingEditor (502)
[2019.03.29-18.05.22:585][225]LogModuleManager: Shutting down and abandoning module MergeActors (500)
[2019.03.29-18.05.22:585][225]LogModuleManager: Shutting down and abandoning module LocalizationDashboard (498)
[2019.03.29-18.05.22:586][225]LogModuleManager: Shutting down and abandoning module LocalizationService (497)
[2019.03.29-18.05.22:586][225]LogModuleManager: Shutting down and abandoning module HardwareTargeting (494)
[2019.03.29-18.05.22:586][225]LogModuleManager: Shutting down and abandoning module DeviceProfileEditor (492)
[2019.03.29-18.05.22:586][225]LogModuleManager: Shutting down and abandoning module UndoHistory (490)
[2019.03.29-18.05.22:586][225]LogModuleManager: Shutting down and abandoning module XmlParser (488)
[2019.03.29-18.05.22:586][225]LogModuleManager: Shutting down and abandoning module Blutility (486)
[2019.03.29-18.05.22:586][225]LogModuleManager: Shutting down and abandoning module ProjectSettingsViewer (484)
[2019.03.29-18.05.22:586][225]LogModuleManager: Shutting down and abandoning module ProjectTargetPlatformEditor (483)
[2019.03.29-18.05.22:586][225]LogModuleManager: Shutting down and abandoning module EditorSettingsViewer (480)
[2019.03.29-18.05.22:586][225]LogModuleManager: Shutting down and abandoning module SettingsEditor (478)
[2019.03.29-18.05.22:587][225]LogModuleManager: Shutting down and abandoning module ProjectLauncher (476)
[2019.03.29-18.05.22:587][225]LogModuleManager: Shutting down and abandoning module SessionFrontend (474)
[2019.03.29-18.05.22:587][225]LogModuleManager: Shutting down and abandoning module ProfilerClient (472)
[2019.03.29-18.05.22:587][225]LogModuleManager: Shutting down and abandoning module DeviceManager (470)
[2019.03.29-18.05.22:587][225]LogModuleManager: Shutting down and abandoning module TargetDeviceServices (469)
[2019.03.29-18.05.22:642][225]LogModuleManager: Shutting down and abandoning module AutomationController (466)
[2019.03.29-18.05.22:642][225]LogModuleManager: Shutting down and abandoning module AutomationWindow (464)
[2019.03.29-18.05.22:642][225]LogModuleManager: Shutting down and abandoning module Layers (462)
[2019.03.29-18.05.22:642][225]LogModuleManager: Shutting down and abandoning module ComponentVisualizers (460)
[2019.03.29-18.05.22:642][225]LogModuleManager: Shutting down and abandoning module DetailCustomizations (458)
[2019.03.29-18.05.22:642][225]LogModuleManager: Shutting down and abandoning module PackagesDialog (456)
[2019.03.29-18.05.22:642][225]LogModuleManager: Shutting down and abandoning module Persona (454)
[2019.03.29-18.05.22:643][225]LogModuleManager: Shutting down and abandoning module AdvancedPreviewScene (453)
[2019.03.29-18.05.22:643][225]LogModuleManager: Shutting down and abandoning module AnimGraph (451)
[2019.03.29-18.05.22:643][225]LogModuleManager: Shutting down and abandoning module Kismet (448)
[2019.03.29-18.05.22:644][225]LogModuleManager: Shutting down and abandoning module GraphEditor (446)
[2019.03.29-18.05.22:644][225]LogModuleManager: Shutting down and abandoning module ClassViewer (444)
[2019.03.29-18.05.22:644][225]LogModuleManager: Shutting down and abandoning module Toolbox (442)
[2019.03.29-18.05.22:644][225]LogModuleManager: Shutting down and abandoning module ModuleUI (440)
[2019.03.29-18.05.22:644][225]LogModuleManager: Shutting down and abandoning module MovieSceneTools (438)
[2019.03.29-18.05.22:644][225]LogModuleManager: Shutting down and abandoning module OutputLog (436)
[2019.03.29-18.05.22:644][225]LogModuleManager: Shutting down and abandoning module GammaUI (434)
[2019.03.29-18.05.22:644][225]LogModuleManager: Shutting down and abandoning module Documentation (432)
[2019.03.29-18.05.22:645][225]LogModuleManager: Shutting down and abandoning module MovieSceneTracks (430)
[2019.03.29-18.05.22:645][225]LogModuleManager: Shutting down and abandoning module MovieScene (428)
[2019.03.29-18.05.22:645][225]LogModuleManager: Shutting down and abandoning module StreamingPauseRendering (426)
[2019.03.29-18.05.22:645][225]LogModuleManager: Shutting down and abandoning module LauncherPlatform (424)
[2019.03.29-18.05.22:645][225]LogModuleManager: Shutting down and abandoning module AnalyticsET (422)
[2019.03.29-18.05.22:645][225]LogModuleManager: Shutting down and abandoning module PortalServices (420)
[2019.03.29-18.05.22:645][225]LogModuleManager: Shutting down and abandoning module PortalRpc (418)
[2019.03.29-18.05.22:645][225]LogModuleManager: Shutting down and abandoning module MessagingRpc (416)
[2019.03.29-18.05.22:645][225]LogModuleManager: Shutting down and abandoning module AIModule (414)
[2019.03.29-18.05.22:645][225]LogModuleManager: Shutting down and abandoning module GameplayDebugger (413)
[2019.03.29-18.05.22:645][225]LogModuleManager: Shutting down and abandoning module AITestSuite (411)
[2019.03.29-18.05.22:645][225]LogModuleManager: Shutting down and abandoning module NavigationSystem (409)
[2019.03.29-18.05.22:645][225]LogModuleManager: Shutting down and abandoning module ImageWriteQueue (406)
[2019.03.29-18.05.22:651][225]LogModuleManager: Shutting down and abandoning module ProfilerService (404)
[2019.03.29-18.05.22:812][225]LogModuleManager: Shutting down and abandoning module TaskGraph (402)
[2019.03.29-18.05.22:812][225]LogModuleManager: Shutting down and abandoning module SteamVRController (400)
[2019.03.29-18.05.22:812][225]LogModuleManager: Shutting down and abandoning module ProceduralMeshComponentEditor (398)
[2019.03.29-18.05.22:812][225]LogModuleManager: Shutting down and abandoning module ProceduralMeshComponent (396)
[2019.03.29-18.05.22:812][225]LogModuleManager: Shutting down and abandoning module OculusInput (394)
[2019.03.29-18.05.22:812][225]LogModuleManager: Shutting down and abandoning module MobilePatchingUtils (392)
[2019.03.29-18.05.22:812][225]LogModuleManager: Shutting down and abandoning module EditableMesh (390)
[2019.03.29-18.05.22:812][225]LogModuleManager: Shutting down and abandoning module CustomMeshComponent (388)
[2019.03.29-18.05.22:812][225]LogModuleManager: Shutting down and abandoning module CableComponent (386)
[2019.03.29-18.05.22:813][225]LogModuleManager: Shutting down and abandoning module AudioCapture (384)
[2019.03.29-18.05.22:813][225]LogModuleManager: Shutting down and abandoning module ArchVisCharacter (382)
[2019.03.29-18.05.22:813][225]LogModuleManager: Shutting down and abandoning module AndroidPermission (380)
[2019.03.29-18.05.22:813][225]LogModuleManager: Shutting down and abandoning module NUTUnrealEngine4 (378)
[2019.03.29-18.05.22:813][225]LogModuleManager: Shutting down and abandoning module NetcodeUnitTest (376)
[2019.03.29-18.05.22:813][225]LogModuleManager: Shutting down and abandoning module MediaCompositing (374)
[2019.03.29-18.05.22:813][225]LogModuleManager: Shutting down and abandoning module LinearTimecode (372)
[2019.03.29-18.05.22:813][225]LogModuleManager: Shutting down and abandoning module ImgMedia (370)
[2019.03.29-18.05.22:821][225]LogModuleManager: Shutting down and abandoning module HTML5Networking (368)
[2019.03.29-18.05.22:821][225]LogModuleManager: Shutting down and abandoning module GeometryCacheTracks (366)
[2019.03.29-18.05.22:821][225]LogModuleManager: Shutting down and abandoning module GeometryCacheSequencer (364)
[2019.03.29-18.05.22:821][225]LogModuleManager: Shutting down and abandoning module BackChannel (362)
[2019.03.29-18.05.22:822][225]LogModuleManager: Shutting down and abandoning module AppleVision (360)
[2019.03.29-18.05.22:822][225]LogModuleManager: Shutting down and abandoning module AppleImageUtilsBlueprintSupport (358)
[2019.03.29-18.05.22:822][225]LogModuleManager: Shutting down and abandoning module AppleImageUtils (356)
[2019.03.29-18.05.22:822][225]LogModuleManager: Shutting down and abandoning module AlembicImporter (354)
[2019.03.29-18.05.22:822][225]LogModuleManager: Shutting down and abandoning module AlembicLibrary (353)
[2019.03.29-18.05.22:822][225]LogModuleManager: Shutting down and abandoning module GeometryCache (352)
[2019.03.29-18.05.22:822][225]LogModuleManager: Shutting down and abandoning module GeometryCacheEd (351)
[2019.03.29-18.05.22:822][225]LogModuleManager: Shutting down and abandoning module VariantManagerContent (346)
[2019.03.29-18.05.22:822][225]LogModuleManager: Shutting down and abandoning module DatasmithContentEditor (344)
[2019.03.29-18.05.22:822][225]LogModuleManager: Shutting down and abandoning module SpeedTreeImporter (342)
[2019.03.29-18.05.22:822][225]LogModuleManager: Shutting down and abandoning module PluginBrowser (340)
[2019.03.29-18.05.22:822][225]LogModuleManager: Shutting down and abandoning module MobileLauncherProfileWizard (338)
[2019.03.29-18.05.22:822][225]LogModuleManager: Shutting down and abandoning module PolygonModeling (336)
[2019.03.29-18.05.22:822][225]LogModuleManager: Shutting down and abandoning module MeshEditor (334)
[2019.03.29-18.05.22:822][225]LogModuleManager: Shutting down and abandoning module CryptoKeysOpenSSL (332)
[2019.03.29-18.05.22:822][225]LogModuleManager: Shutting down and abandoning module CryptoKeys (330)
[2019.03.29-18.05.22:822][225]LogModuleManager: Shutting down and abandoning module VisualStudioSourceCodeAccess (328)
[2019.03.29-18.05.22:823][225]LogModuleManager: Shutting down and abandoning module VisualStudioCodeSourceCodeAccess (326)
[2019.03.29-18.05.22:823][225]LogModuleManager: Shutting down and abandoning module UObjectPlugin (324)
[2019.03.29-18.05.22:823][225]LogModuleManager: Shutting down and abandoning module SubversionSourceControl (322)
[2019.03.29-18.05.22:823][225]LogModuleManager: Shutting down and abandoning module PerforceSourceControl (320)
[2019.03.29-18.05.22:823][225]LogModuleManager: Shutting down and abandoning module GitSourceControl (318)
[2019.03.29-18.05.22:823][225]LogModuleManager: Shutting down and abandoning module SourceControl (317)
[2019.03.29-18.05.22:823][225]LogModuleManager: Shutting down and abandoning module CLionSourceCodeAccess (314)
[2019.03.29-18.05.22:823][225]LogModuleManager: Shutting down and abandoning module ActorLayerUtilitiesEditor (312)
[2019.03.29-18.05.22:823][225]LogModuleManager: Shutting down and abandoning module ActorLayerUtilities (310)
[2019.03.29-18.05.22:823][225]LogModuleManager: Shutting down and abandoning module LightPropagationVolumeEditor (308)
[2019.03.29-18.05.22:823][225]LogModuleManager: Shutting down and abandoning module PaperTiledImporter (306)
[2019.03.29-18.05.22:823][225]LogModuleManager: Shutting down and abandoning module PaperSpriteSheetImporter (304)
[2019.03.29-18.05.22:823][225]LogModuleManager: Shutting down and abandoning module Paper2DEditor (302)
[2019.03.29-18.05.22:823][225]LogModuleManager: Shutting down and abandoning module MeshPaint (301)
[2019.03.29-18.05.22:823][225]LogModuleManager: Shutting down and abandoning module Ombres (298)
[2019.03.29-18.05.22:823][225]LogModuleManager: Shutting down and abandoning module RuntimePhysXCooking (296)
[2019.03.29-18.05.22:823][225]LogModuleManager: Shutting down and abandoning module PhysXVehiclesEditor (294)
[2019.03.29-18.05.22:823][225]LogModuleManager: Shutting down and abandoning module PhysXVehicles (292)
[2019.03.29-18.05.22:824][225]LogModuleManager: Shutting down and abandoning module OculusEditor (290)
[2019.03.29-18.05.22:824][225]LogModuleManager: Shutting down and abandoning module LocationServicesBPLibrary (288)
[2019.03.29-18.05.22:824][225]LogModuleManager: Shutting down and abandoning module ActorSequence (286)
[2019.03.29-18.05.22:824][225]LogModuleManager: Shutting down and abandoning module UdpMessaging (284)
[2019.03.29-18.05.22:924][225]LogModuleManager: Shutting down and abandoning module TcpMessaging (282)
[2019.03.29-18.05.23:024][225]LogModuleManager: Shutting down and abandoning module MagicLeapAudio (280)
[2019.03.29-18.05.23:024][225]LogModuleManager: Shutting down and abandoning module GameplayTagsEditor (278)
[2019.03.29-18.05.23:024][225]LogModuleManager: Shutting down and abandoning module FacialAnimationEditor (276)
[2019.03.29-18.05.23:024][225]LogModuleManager: Shutting down and abandoning module FacialAnimation (274)
[2019.03.29-18.05.23:024][225]LogModuleManager: Shutting down and abandoning module DataValidation (272)
[2019.03.29-18.05.23:024][225]LogModuleManager: Shutting down and abandoning module AssetManagerEditor (270)
[2019.03.29-18.05.23:024][225]LogModuleManager: Shutting down and abandoning module LevelEditor (269)
[2019.03.29-18.05.23:026][225]LogModuleManager: Shutting down and abandoning module PixelInspectorModule (268)
[2019.03.29-18.05.23:026][225]LogModuleManager: Shutting down and abandoning module CommonMenuExtensions (266)
[2019.03.29-18.05.23:027][225]LogModuleManager: Shutting down and abandoning module MainFrame (264)
[2019.03.29-18.05.23:027][225]LogModuleManager: Shutting down and abandoning module HotReload (263)
[2019.03.29-18.05.23:028][225]LogModuleManager: Shutting down and abandoning module ContentBrowser (259)
[2019.03.29-18.05.23:028][225]LogModuleManager: Shutting down and abandoning module TreeMap (257)
[2019.03.29-18.05.23:028][225]LogModuleManager: Shutting down and abandoning module LightPropagationVolumeRuntime (254)
[2019.03.29-18.05.23:028][225]LogModuleManager: Shutting down and abandoning module AISupportModule (252)
[2019.03.29-18.05.23:030][225]LogModuleManager: Shutting down and abandoning module Paper2D (250)
[2019.03.29-18.05.23:030][225]LogModuleManager: Shutting down and abandoning module WindowsMoviePlayer (248)
[2019.03.29-18.05.23:030][225]LogModuleManager: Shutting down and abandoning module WebMMoviePlayer (246)
[2019.03.29-18.05.23:030][225]LogModuleManager: Shutting down and abandoning module WmfMedia (244)
[2019.03.29-18.05.23:032][225]LogModuleManager: Shutting down and abandoning module Media (243)
[2019.03.29-18.05.23:039][225]LogModuleManager: Shutting down and abandoning module PacketHandler (240)
[2019.03.29-18.05.23:039][225]LogModuleManager: Shutting down and abandoning module ClothingSystemEditor (238)
[2019.03.29-18.05.23:039][225]LogModuleManager: Shutting down and abandoning module ClothingSystemRuntime (236)
[2019.03.29-18.05.23:039][225]LogModuleManager: Shutting down and abandoning module MediaAssets (234)
[2019.03.29-18.05.23:039][225]LogModuleManager: Shutting down and abandoning module Overlay (232)
[2019.03.29-18.05.23:039][225]LogModuleManager: Shutting down and abandoning module OverlayEditor (231)
[2019.03.29-18.05.23:039][225]LogModuleManager: Shutting down and abandoning module VREditor (228)
[2019.03.29-18.05.23:040][225]LogModuleManager: Shutting down and abandoning module StringTableEditor (226)
[2019.03.29-18.05.23:040][225]LogModuleManager: Shutting down and abandoning module GameplayTasksEditor (224)
[2019.03.29-18.05.23:040][225]LogModuleManager: Shutting down and abandoning module BehaviorTreeEditor (222)
[2019.03.29-18.05.23:040][225]LogModuleManager: Shutting down and abandoning module FunctionalTesting (220)
[2019.03.29-18.05.23:040][225]LogModuleManager: Shutting down and abandoning module CollisionAnalyzer (218)
[2019.03.29-18.05.23:040][225]LogModuleManager: Shutting down and abandoning module WorkspaceMenuStructure (217)
[2019.03.29-18.05.23:040][225]LogModuleManager: Shutting down and abandoning module UMG (214)
[2019.03.29-18.05.23:040][225]LogModuleManager: Shutting down and abandoning module UMGEditor (213)
[2019.03.29-18.05.23:040][225]LogModuleManager: Shutting down and abandoning module Sequencer (212)
[2019.03.29-18.05.23:040][225]LogModuleManager: Shutting down and abandoning module MessageLog (209)
[2019.03.29-18.05.23:040][225]LogModuleManager: Shutting down and abandoning module SlateReflector (204)
[2019.03.29-18.05.23:040][225]LogModuleManager: Shutting down and abandoning module Slate (202)
[2019.03.29-18.05.23:040][225]LogModuleManager: Shutting down and abandoning module EditorStyle (200)
[2019.03.29-18.05.23:044][225]LogModuleManager: Shutting down and abandoning module MRMesh (198)
[2019.03.29-18.05.23:044][225]LogModuleManager: Shutting down and abandoning module SourceCodeAccess (196)
[2019.03.29-18.05.23:044][225]LogModuleManager: Shutting down and abandoning module HeadMountedDisplay (194)
[2019.03.29-18.05.23:044][225]LogModuleManager: Shutting down and abandoning module XAudio2 (192)
[2019.03.29-18.05.23:044][225]LogModuleManager: Shutting down and abandoning module Networking (190)
[2019.03.29-18.05.23:044][225]LogModuleManager: Shutting down and abandoning module Core (188)
[2019.03.29-18.05.23:044][225]LogModuleManager: Shutting down and abandoning module LevelSequence (186)
[2019.03.29-18.05.23:044][225]LogModuleManager: Shutting down and abandoning module KismetCompiler (184)
[2019.03.29-18.05.23:044][225]LogModuleManager: Shutting down and abandoning module MeshUtilities (182)
[2019.03.29-18.05.23:044][225]LogModuleManager: Shutting down and abandoning module MeshMergeUtilities (181)
[2019.03.29-18.05.23:044][225]LogModuleManager: Shutting down and abandoning module MeshReductionInterface (180)
[2019.03.29-18.05.23:044][225]LogModuleManager: Shutting down and abandoning module SimplygonSwarm (179)
[2019.03.29-18.05.23:044][225]LogModuleManager: Shutting down and abandoning module ProxyLODMeshReduction (177)
[2019.03.29-18.05.23:044][225]LogModuleManager: Shutting down and abandoning module SimplygonMeshReduction (175)
[2019.03.29-18.05.23:044][225]LogModuleManager: Shutting down and abandoning module QuadricMeshReduction (173)
[2019.03.29-18.05.23:044][225]LogModuleManager: Shutting down and abandoning module MaterialBaking (169)
[2019.03.29-18.05.23:045][225]LogModuleManager: Shutting down and abandoning module DirectoryWatcher (165)
[2019.03.29-18.05.23:071][225]LogModuleManager: Shutting down and abandoning module DerivedDataCache (162)
[2019.03.29-18.05.23:538][225]LogDerivedDataCache: Shutdown
[2019.03.29-18.05.23:538][225]LogModuleManager: Shutting down and abandoning module XGEController (160)
[2019.03.29-18.05.23:538][225]LogXGEController: Cleaning working directory: C:/Users/t.candelier/AppData/Local/Temp/UnrealXGEWorkingDir/
[2019.03.29-18.05.23:538][225]LogModuleManager: Shutting down and abandoning module TargetPlatform (158)
[2019.03.29-18.05.23:538][225]LogModuleManager: Shutting down and abandoning module VulkanShaderFormat (157)
[2019.03.29-18.05.23:538][225]LogModuleManager: Shutting down and abandoning module ShaderFormatVectorVM (155)
[2019.03.29-18.05.23:538][225]LogModuleManager: Shutting down and abandoning module ShaderFormatOpenGL (153)
[2019.03.29-18.05.23:538][225]LogModuleManager: Shutting down and abandoning module ShaderFormatD3D (151)
[2019.03.29-18.05.23:538][225]LogModuleManager: Shutting down and abandoning module MetalShaderFormat (149)
[2019.03.29-18.05.23:538][225]LogModuleManager: Shutting down and abandoning module TextureFormatUncompressed (147)
[2019.03.29-18.05.23:538][225]LogModuleManager: Shutting down and abandoning module TextureFormatPVR (145)
[2019.03.29-18.05.23:540][225]LogModuleManager: Shutting down and abandoning module TextureFormatDXT (143)
[2019.03.29-18.05.23:540][225]LogModuleManager: Shutting down and abandoning module TextureFormatIntelISPCTexComp (141)
[2019.03.29-18.05.23:540][225]LogModuleManager: Shutting down and abandoning module TextureFormatASTC (139)
[2019.03.29-18.05.23:540][225]LogModuleManager: Shutting down and abandoning module ImageWrapper (138)
[2019.03.29-18.05.23:540][225]LogModuleManager: Shutting down and abandoning module TextureFormatAndroid (135)
[2019.03.29-18.05.23:540][225]LogModuleManager: Shutting down and abandoning module AudioFormatOpus (133)
[2019.03.29-18.05.23:540][225]LogModuleManager: Shutting down and abandoning module AudioFormatOgg (131)
[2019.03.29-18.05.23:540][225]LogModuleManager: Shutting down and abandoning module AudioFormatADPCM (129)
[2019.03.29-18.05.23:540][225]LogModuleManager: Shutting down and abandoning module LuminTargetPlatform (127)
[2019.03.29-18.05.23:541][225]LogModuleManager: Shutting down and abandoning module LinuxTargetPlatform (125)
[2019.03.29-18.05.23:541][225]LogModuleManager: Shutting down and abandoning module LinuxServerTargetPlatform (123)
[2019.03.29-18.05.23:541][225]LogModuleManager: Shutting down and abandoning module LinuxNoEditorTargetPlatform (121)
[2019.03.29-18.05.23:541][225]LogModuleManager: Shutting down and abandoning module LinuxClientTargetPlatform (119)
[2019.03.29-18.05.23:541][225]LogModuleManager: Shutting down and abandoning module TVOSTargetPlatform (117)
[2019.03.29-18.05.23:542][225]LogModuleManager: Shutting down and abandoning module Messaging (115)
[2019.03.29-18.05.23:542][225]LogModuleManager: Shutting down and abandoning module IOSTargetPlatform (113)
[2019.03.29-18.05.23:543][225]LogModuleManager: Shutting down and abandoning module HTML5TargetPlatform (111)
[2019.03.29-18.05.23:543][225]LogModuleManager: Shutting down and abandoning module AndroidTargetPlatform (109)
[2019.03.29-18.05.23:555][225]LogModuleManager: Shutting down and abandoning module WindowsTargetPlatform (107)
[2019.03.29-18.05.23:555][225]LogModuleManager: Shutting down and abandoning module WindowsServerTargetPlatform (105)
[2019.03.29-18.05.23:555][225]LogModuleManager: Shutting down and abandoning module WindowsNoEditorTargetPlatform (103)
[2019.03.29-18.05.23:555][225]LogModuleManager: Shutting down and abandoning module WindowsClientTargetPlatform (101)
[2019.03.29-18.05.23:555][225]LogModuleManager: Shutting down and abandoning module MacTargetPlatform (99)
[2019.03.29-18.05.23:555][225]LogModuleManager: Shutting down and abandoning module MacServerTargetPlatform (97)
[2019.03.29-18.05.23:555][225]LogModuleManager: Shutting down and abandoning module MacNoEditorTargetPlatform (95)
[2019.03.29-18.05.23:555][225]LogModuleManager: Shutting down and abandoning module MacClientTargetPlatform (93)
[2019.03.29-18.05.23:555][225]LogModuleManager: Shutting down and abandoning module AllDesktopTargetPlatform (91)
[2019.03.29-18.05.23:556][225]LogModuleManager: Shutting down and abandoning module InputCore (88)
[2019.03.29-18.05.23:556][225]LogModuleManager: Shutting down and abandoning module Settings (86)
[2019.03.29-18.05.23:556][225]LogModuleManager: Shutting down and abandoning module PhysXCooking (84)
[2019.03.29-18.05.23:556][225]LogModuleManager: Shutting down and abandoning module SteamVR (82)
[2019.03.29-18.05.23:556][225]LogHMD: Freeing OpenVRDLLHandle.
[2019.03.29-18.05.23:556][225]LogModuleManager: Shutting down and abandoning module OculusHMD (80)
[2019.03.29-18.05.23:556][225]LogModuleManager: Shutting down and abandoning module ExampleDeviceProfileSelector (78)
[2019.03.29-18.05.23:556][225]LogModuleManager: Shutting down and abandoning module LauncherChunkInstaller (76)
[2019.03.29-18.05.23:556][225]LogModuleManager: Shutting down and abandoning module OnlineBlueprintSupport (74)
[2019.03.29-18.05.23:556][225]LogModuleManager: Shutting down and abandoning module OnlineSubsystem (70)
[2019.03.29-18.05.23:558][225]LogModuleManager: Shutting down and abandoning module XMPP (65)
[2019.03.29-18.05.23:558][225]LogModuleManager: Shutting down and abandoning module WebSockets (64)
[2019.03.29-18.05.23:588][225]LogModuleManager: Shutting down and abandoning module HTTP (61)
[2019.03.29-18.05.23:588][225]LogHttp: Display: Http module shutting down, but needs to wait on 1 outstanding Http requests:
[2019.03.29-18.05.23:588][225]LogHttp: Display: 	verb=[POST] url=[https://datarouter.ol.epicgames.com/datarouter/api/v1/public/data?SessionID=%7B8BB80705-4275-EF53-2C75-268B5A182BB0%7D&AppID=UEEditor.Rocket.Release&AppVersion=4.21.2-4753647%2B%2B%2BUE4%2BRelease-4.21&UserID=76a90ea64e48c0af5a5f9791751a21fa%7Cd87aa6341cb94f828a7cb24b9ce26616%7C63ba2834-f8ff-4c90-b3b7-b7effec0475b&AppEnvironment=datacollector-binary&UploadType=eteventstream] status=Processing
[2019.03.29-18.05.23:614][225]LogModuleManager: Shutting down and abandoning module SSL (60)
[2019.03.29-18.05.23:617][225]LogModuleManager: Shutting down and abandoning module MagicLeapIdentity (56)
[2019.03.29-18.05.23:617][225]LogModuleManager: Shutting down and abandoning module MagicLeapHelperVulkan (54)
[2019.03.29-18.05.23:617][225]LogModuleManager: Shutting down and abandoning module MagicLeapHelperOpenGL (52)
[2019.03.29-18.05.23:617][225]LogModuleManager: Shutting down and abandoning module MagicLeapSecureStorage (50)
[2019.03.29-18.05.23:617][225]LogModuleManager: Shutting down and abandoning module MagicLeapHandTracking (48)
[2019.03.29-18.05.23:617][225]LogModuleManager: Shutting down and abandoning module MagicLeapEyeTracker (46)
[2019.03.29-18.05.23:617][225]LogModuleManager: Shutting down and abandoning module MagicLeapController (44)
[2019.03.29-18.05.23:617][225]LogSlate: Slate User Destroyed.  User Index 0, Is Virtual User: 0
[2019.03.29-18.05.23:617][225]LogModuleManager: Shutting down and abandoning module MagicLeap (42)
[2019.03.29-18.05.23:617][225]LogModuleManager: Shutting down and abandoning module DatasmithContent (40)
[2019.03.29-18.05.23:618][225]LogModuleManager: Shutting down and abandoning module DesktopPlatform (38)
[2019.03.29-18.05.23:618][225]LogModuleManager: Shutting down and abandoning module AnimationModifiers (36)
[2019.03.29-18.05.23:618][225]LogModuleManager: Shutting down and abandoning module PropertyEditor (35)
[2019.03.29-18.05.23:618][225]LogModuleManager: Shutting down and abandoning module AudioEditor (32)
[2019.03.29-18.05.23:618][225]LogModuleManager: Shutting down and abandoning module TextureCompressor (30)
[2019.03.29-18.05.23:619][225]LogModuleManager: Shutting down and abandoning module ShaderCore (28)
[2019.03.29-18.05.23:619][225]LogModuleManager: Shutting down and abandoning module Landscape (26)
[2019.03.29-18.05.23:619][225]LogModuleManager: Shutting down and abandoning module SlateRHIRenderer (24)
[2019.03.29-18.05.23:619][225]LogModuleManager: Shutting down and abandoning module OpenGLDrv (22)
[2019.03.29-18.05.23:619][225]LogModuleManager: Shutting down and abandoning module D3D11RHI (20)
[2019.03.29-18.05.23:619][225]LogModuleManager: Shutting down and abandoning module AnimGraphRuntime (18)
[2019.03.29-18.05.23:619][225]LogModuleManager: Shutting down and abandoning module Renderer (16)
[2019.03.29-18.05.23:619][225]LogModuleManager: Shutting down and abandoning module Engine (14)
[2019.03.29-18.05.23:619][225]LogModuleManager: Shutting down and abandoning module CoreUObject (12)
[2019.03.29-18.05.23:619][225]LogModuleManager: Shutting down and abandoning module NetworkFile (10)
[2019.03.29-18.05.23:620][225]LogModuleManager: Shutting down and abandoning module CookedIterativeFile (8)
[2019.03.29-18.05.23:620][225]LogModuleManager: Shutting down and abandoning module StreamingFile (6)
[2019.03.29-18.05.23:620][225]LogModuleManager: Shutting down and abandoning module SandboxFile (4)
[2019.03.29-18.05.23:620][225]LogModuleManager: Shutting down and abandoning module PakFile (2)
[2019.03.29-18.05.23:645][225]LogExit: Exiting.
[2019.03.29-18.05.23:652][225]Log file closed, 03/29/19 19:05:23
